Log file open, 12/12/16 18:52:00
LogInit:Display: Running engine for game: MenuHudProject
LogPlatformFile: Not using cached read wrapper
LogInit:Display: RandInit(-1594411390) SRandInit(-1594411390).
LogTaskGraph: Started task graph with 5 named threads and 8 total threads with 1 sets of task threads.
LogStats: Stats thread started at 0.070443
LogPluginManager: Loaded Plugin Paper2D, From C:/Program Files (x86)/Epic Games/4.14/Engine/Plugins/2D/Paper2D/Paper2D.uplugin
LogPluginManager: Loaded Plugin LightPropagationVolume, From C:/Program Files (x86)/Epic Games/4.14/Engine/Plugins/Blendables/LightPropagationVolume/LightPropagationVolume.uplugin
LogPluginManager: Loaded Plugin BlankPlugin, From C:/Program Files (x86)/Epic Games/4.14/Engine/Plugins/Developer/BlankPlugin/BlankPlugin.uplugin
LogPluginManager: Loaded Plugin CodeLiteSourceCodeAccess, From C:/Program Files (x86)/Epic Games/4.14/Engine/Plugins/Developer/CodeLiteSourceCodeAccess/CodeLiteSourceCodeAccess.uplugin
LogPluginManager: Loaded Plugin GitSourceControl, From C:/Program Files (x86)/Epic Games/4.14/Engine/Plugins/Developer/GitSourceControl/GitSourceControl.uplugin
LogPluginManager: Loaded Plugin KDevelopSourceCodeAccess, From C:/Program Files (x86)/Epic Games/4.14/Engine/Plugins/Developer/KDevelopSourceCodeAccess/KDevelopSourceCodeAccess.uplugin
LogPluginManager: Loaded Plugin NullSourceCodeAccess, From C:/Program Files (x86)/Epic Games/4.14/Engine/Plugins/Developer/NullSourceCodeAccess/NullSourceCodeAccess.uplugin
LogPluginManager: Loaded Plugin OneSkyLocalizationService, From C:/Program Files (x86)/Epic Games/4.14/Engine/Plugins/Developer/OneSkyLocalizationService/OneSkyLocalizationService.uplugin
LogPluginManager: Loaded Plugin PerforceSourceControl, From C:/Program Files (x86)/Epic Games/4.14/Engine/Plugins/Developer/PerforceSourceControl/PerforceSourceControl.uplugin
LogPluginManager: Loaded Plugin SubversionSourceControl, From C:/Program Files (x86)/Epic Games/4.14/Engine/Plugins/Developer/SubversionSourceControl/SubversionSourceControl.uplugin
LogPluginManager: Loaded Plugin UObjectPlugin, From C:/Program Files (x86)/Epic Games/4.14/Engine/Plugins/Developer/UObjectPlugin/UObjectPlugin.uplugin
LogPluginManager: Loaded Plugin VisualStudioSourceCodeAccess, From C:/Program Files (x86)/Epic Games/4.14/Engine/Plugins/Developer/VisualStudioSourceCodeAccess/VisualStudioSourceCodeAccess.uplugin
LogPluginManager: Loaded Plugin XCodeSourceCodeAccess, From C:/Program Files (x86)/Epic Games/4.14/Engine/Plugins/Developer/XCodeSourceCodeAccess/XCodeSourceCodeAccess.uplugin
LogPluginManager: Loaded Plugin AudioCapture, From C:/Program Files (x86)/Epic Games/4.14/Engine/Plugins/Editor/AudioCapture/AudioCapture.uplugin
LogPluginManager: Loaded Plugin EpicSurvey, From C:/Program Files (x86)/Epic Games/4.14/Engine/Plugins/Editor/EpicSurvey/EpicSurvey.uplugin
LogPluginManager: Loaded Plugin MacGraphicsSwitching, From C:/Program Files (x86)/Epic Games/4.14/Engine/Plugins/Editor/MacGraphicsSwitching/MacGraphicsSwitching.uplugin
LogPluginManager: Loaded Plugin MobileLauncherProfileWizard, From C:/Program Files (x86)/Epic Games/4.14/Engine/Plugins/Editor/MobileLauncherProfileWizard/MobileLauncherProfileWizard.uplugin
LogPluginManager: Loaded Plugin PluginBrowser, From C:/Program Files (x86)/Epic Games/4.14/Engine/Plugins/Editor/PluginBrowser/PluginBrowser.uplugin
LogPluginManager: Loaded Plugin SpeedTreeImporter, From C:/Program Files (x86)/Epic Games/4.14/Engine/Plugins/Editor/SpeedTreeImporter/SpeedTreeImporter.uplugin
LogPluginManager: Loaded Plugin SuperSearchEditor, From C:/Program Files (x86)/Epic Games/4.14/Engine/Plugins/Editor/SuperSearchEditor/SuperSearchEditor.uplugin
LogPluginManager: Loaded Plugin AlembicImporter, From C:/Program Files (x86)/Epic Games/4.14/Engine/Plugins/Experimental/AlembicImporter/AlembicImporter.uplugin
LogPluginManager: Loaded Plugin BlueprintStats, From C:/Program Files (x86)/Epic Games/4.14/Engine/Plugins/Experimental/BlueprintStats/BlueprintStats.uplugin
LogPluginManager: Loaded Plugin CharacterAI, From C:/Program Files (x86)/Epic Games/4.14/Engine/Plugins/Experimental/CharacterAI/CharacterAI.uplugin
LogPluginManager: Loaded Plugin CodeEditor, From C:/Program Files (x86)/Epic Games/4.14/Engine/Plugins/Experimental/CodeEditor/CodeEditor.uplugin
LogPluginManager: Loaded Plugin CodeView, From C:/Program Files (x86)/Epic Games/4.14/Engine/Plugins/Experimental/CodeView/CodeView.uplugin
LogPluginManager: Loaded Plugin HTML5Networking, From C:/Program Files (x86)/Epic Games/4.14/Engine/Plugins/Experimental/HTML5Networking/HTML5Networking.uplugin
LogPluginManager: Loaded Plugin OSVR, From C:/Program Files (x86)/Epic Games/4.14/Engine/Plugins/Experimental/OSVR/OSVR.uplugin
LogPluginManager: Loaded Plugin Phya, From C:/Program Files (x86)/Epic Games/4.14/Engine/Plugins/Experimental/Phya/Phya.uplugin
LogPluginManager: Loaded Plugin SignificanceManager, From C:/Program Files (x86)/Epic Games/4.14/Engine/Plugins/Experimental/SignificanceManager/SignificanceManager.uplugin
LogPluginManager: Loaded Plugin SimpleHMD, From C:/Program Files (x86)/Epic Games/4.14/Engine/Plugins/Experimental/SimpleHMD/SimpleHMD.uplugin
LogPluginManager: Loaded Plugin StereoPanorama, From C:/Program Files (x86)/Epic Games/4.14/Engine/Plugins/Experimental/StereoPanorama/StereoPanorama.uplugin
LogPluginManager: Loaded Plugin StructBox, From C:/Program Files (x86)/Epic Games/4.14/Engine/Plugins/Experimental/StructBox/StructBox.uplugin
LogPluginManager: Loaded Plugin AndroidMedia, From C:/Program Files (x86)/Epic Games/4.14/Engine/Plugins/Media/AndroidMedia/AndroidMedia.uplugin
LogPluginManager: Loaded Plugin AvfMedia, From C:/Program Files (x86)/Epic Games/4.14/Engine/Plugins/Media/AvfMedia/AvfMedia.uplugin
LogPluginManager: Loaded Plugin MediaPlayerEditor, From C:/Program Files (x86)/Epic Games/4.14/Engine/Plugins/Media/MediaPlayerEditor/MediaPlayerEditor.uplugin
LogPluginManager: Loaded Plugin WmfMedia, From C:/Program Files (x86)/Epic Games/4.14/Engine/Plugins/Media/WmfMedia/WmfMedia.uplugin
LogPluginManager: Loaded Plugin MessagingDebugger, From C:/Program Files (x86)/Epic Games/4.14/Engine/Plugins/Messaging/MessagingDebugger/MessagingDebugger.uplugin
LogPluginManager: Loaded Plugin TcpMessaging, From C:/Program Files (x86)/Epic Games/4.14/Engine/Plugins/Messaging/TcpMessaging/TcpMessaging.uplugin
LogPluginManager: Loaded Plugin UdpMessaging, From C:/Program Files (x86)/Epic Games/4.14/Engine/Plugins/Messaging/UdpMessaging/UdpMessaging.uplugin
LogPluginManager: Loaded Plugin LevelSequenceEditor, From C:/Program Files (x86)/Epic Games/4.14/Engine/Plugins/MovieScene/LevelSequenceEditor/LevelSequenceEditor.uplugin
LogPluginManager: Loaded Plugin MatineeToLevelSequence, From C:/Program Files (x86)/Epic Games/4.14/Engine/Plugins/MovieScene/MatineeToLevelSequence/MatineeToLevelSequence.uplugin
LogPluginManager: Loaded Plugin NetcodeUnitTest, From C:/Program Files (x86)/Epic Games/4.14/Engine/Plugins/NetcodeUnitTest/NetcodeUnitTest/NetcodeUnitTest.uplugin
LogPluginManager: Loaded Plugin NUTUnrealEngine4, From C:/Program Files (x86)/Epic Games/4.14/Engine/Plugins/NetcodeUnitTest/NUTUnrealEngine4/NUTUnrealEngine4.uplugin
LogPluginManager: Loaded Plugin OnlineSubsystemGameCircle, From C:/Program Files (x86)/Epic Games/4.14/Engine/Plugins/Online/Android/OnlineSubsystemGameCircle/OnlineSubsystemGameCircle.uplugin
LogPluginManager: Loaded Plugin OnlineSubsystemGooglePlay, From C:/Program Files (x86)/Epic Games/4.14/Engine/Plugins/Online/Android/OnlineSubsystemGooglePlay/OnlineSubsystemGooglePlay.uplugin
LogPluginManager: Loaded Plugin OnlineSubsystemIOS, From C:/Program Files (x86)/Epic Games/4.14/Engine/Plugins/Online/IOS/OnlineSubsystemIOS/OnlineSubsystemIOS.uplugin
LogPluginManager: Loaded Plugin OnlineFramework, From C:/Program Files (x86)/Epic Games/4.14/Engine/Plugins/Online/OnlineFramework/OnlineFramework.uplugin
LogPluginManager: Loaded Plugin OnlineSubsystem, From C:/Program Files (x86)/Epic Games/4.14/Engine/Plugins/Online/OnlineSubsystem/OnlineSubsystem.uplugin
LogPluginManager: Loaded Plugin OnlineSubsystemAmazon, From C:/Program Files (x86)/Epic Games/4.14/Engine/Plugins/Online/OnlineSubsystemAmazon/OnlineSubsystemAmazon.uplugin
LogPluginManager: Loaded Plugin OnlineSubsystemFacebook, From C:/Program Files (x86)/Epic Games/4.14/Engine/Plugins/Online/OnlineSubsystemFacebook/OnlineSubsystemFacebook.uplugin
LogPluginManager: Loaded Plugin OnlineSubsystemNull, From C:/Program Files (x86)/Epic Games/4.14/Engine/Plugins/Online/OnlineSubsystemNull/OnlineSubsystemNull.uplugin
LogPluginManager: Loaded Plugin OnlineSubsystemOculus, From C:/Program Files (x86)/Epic Games/4.14/Engine/Plugins/Online/OnlineSubsystemOculus/OnlineSubsystemOculus.uplugin
LogPluginManager: Loaded Plugin OnlineSubsystemSteam, From C:/Program Files (x86)/Epic Games/4.14/Engine/Plugins/Online/OnlineSubsystemSteam/OnlineSubsystemSteam.uplugin
LogPluginManager: Loaded Plugin OnlineSubsystemUtils, From C:/Program Files (x86)/Epic Games/4.14/Engine/Plugins/Online/OnlineSubsystemUtils/OnlineSubsystemUtils.uplugin
LogPluginManager: Loaded Plugin IOSTapJoy, From C:/Program Files (x86)/Epic Games/4.14/Engine/Plugins/Runtime/Advertising/IOSTapJoy/IOSTapJoy.uplugin
LogPluginManager: Loaded Plugin AnalyticsBlueprintLibrary, From C:/Program Files (x86)/Epic Games/4.14/Engine/Plugins/Runtime/Analytics/AnalyticsBlueprintLibrary/AnalyticsBlueprintLibrary.uplugin
LogPluginManager: Loaded Plugin AnalyticsMulticast, From C:/Program Files (x86)/Epic Games/4.14/Engine/Plugins/Runtime/Analytics/AnalyticsMulticast/AnalyticsMulticast.uplugin
LogPluginManager: Loaded Plugin Apsalar, From C:/Program Files (x86)/Epic Games/4.14/Engine/Plugins/Runtime/Analytics/Apsalar/Apsalar.uplugin
LogPluginManager: Loaded Plugin FileLogging, From C:/Program Files (x86)/Epic Games/4.14/Engine/Plugins/Runtime/Analytics/FileLogging/FileLogging.uplugin
LogPluginManager: Loaded Plugin Flurry, From C:/Program Files (x86)/Epic Games/4.14/Engine/Plugins/Runtime/Analytics/Flurry/Flurry.uplugin
LogPluginManager: Loaded Plugin AndroidDeviceProfileSelector, From C:/Program Files (x86)/Epic Games/4.14/Engine/Plugins/Runtime/AndroidDeviceProfileSelector/AndroidDeviceProfileSelector.uplugin
LogPluginManager: Loaded Plugin AndroidMoviePlayer, From C:/Program Files (x86)/Epic Games/4.14/Engine/Plugins/Runtime/AndroidMoviePlayer/AndroidMoviePlayer.uplugin
LogPluginManager: Loaded Plugin AppleMoviePlayer, From C:/Program Files (x86)/Epic Games/4.14/Engine/Plugins/Runtime/AppleMoviePlayer/AppleMoviePlayer.uplugin
LogPluginManager: Loaded Plugin ArchVisCharacter, From C:/Program Files (x86)/Epic Games/4.14/Engine/Plugins/Runtime/ArchVisCharacter/ArchVisCharacter.uplugin
LogPluginManager: Loaded Plugin CableComponent, From C:/Program Files (x86)/Epic Games/4.14/Engine/Plugins/Runtime/CableComponent/CableComponent.uplugin
LogPluginManager: Loaded Plugin CustomMeshComponent, From C:/Program Files (x86)/Epic Games/4.14/Engine/Plugins/Runtime/CustomMeshComponent/CustomMeshComponent.uplugin
LogPluginManager: Loaded Plugin ExampleDeviceProfileSelector, From C:/Program Files (x86)/Epic Games/4.14/Engine/Plugins/Runtime/ExampleDeviceProfileSelector/ExampleDeviceProfileSelector.uplugin
LogPluginManager: Loaded Plugin GearVR, From C:/Program Files (x86)/Epic Games/4.14/Engine/Plugins/Runtime/GearVR/GearVR.uplugin
LogPluginManager: Loaded Plugin GoogleVRController, From C:/Program Files (x86)/Epic Games/4.14/Engine/Plugins/Runtime/GoogleVR/GoogleVRController/GoogleVRController.uplugin
LogPluginManager: Loaded Plugin GoogleVRHMD, From C:/Program Files (x86)/Epic Games/4.14/Engine/Plugins/Runtime/GoogleVR/GoogleVRHMD/GoogleVRHMD.uplugin
LogPluginManager: Loaded Plugin IOSDeviceProfileSelector, From C:/Program Files (x86)/Epic Games/4.14/Engine/Plugins/Runtime/IOSDeviceProfileSelector/IOSDeviceProfileSelector.uplugin
LogPluginManager: Loaded Plugin LeapMotion, From C:/Program Files (x86)/Epic Games/4.14/Engine/Plugins/Runtime/LeapMotion/LeapMotion.uplugin
LogPluginManager: Loaded Plugin LinuxDeviceProfileSelector, From C:/Program Files (x86)/Epic Games/4.14/Engine/Plugins/Runtime/LinuxDeviceProfileSelector/LinuxDeviceProfileSelector.uplugin
LogPluginManager: Loaded Plugin MIDIDevice, From C:/Program Files (x86)/Epic Games/4.14/Engine/Plugins/Runtime/MIDIDevice/MIDIDevice.uplugin
LogPluginManager: Loaded Plugin MobilePatchingUtils, From C:/Program Files (x86)/Epic Games/4.14/Engine/Plugins/Runtime/MobilePatchingUtils/MobilePatchingUtils.uplugin
LogPluginManager: Loaded Plugin Ansel, From C:/Program Files (x86)/Epic Games/4.14/Engine/Plugins/Runtime/Nvidia/Ansel/Ansel.uplugin
LogPluginManager: Loaded Plugin OculusAudio, From C:/Program Files (x86)/Epic Games/4.14/Engine/Plugins/Runtime/OculusAudio/OculusAudio.uplugin
LogPluginManager: Loaded Plugin OculusInput, From C:/Program Files (x86)/Epic Games/4.14/Engine/Plugins/Runtime/OculusInput/OculusInput.uplugin
LogPluginManager: Loaded Plugin OculusLibrary, From C:/Program Files (x86)/Epic Games/4.14/Engine/Plugins/Runtime/OculusLibrary/OculusLibrary.uplugin
LogPluginManager: Loaded Plugin OculusRift, From C:/Program Files (x86)/Epic Games/4.14/Engine/Plugins/Runtime/OculusRift/OculusRift.uplugin
LogPluginManager: Loaded Plugin Oodle, From C:/Program Files (x86)/Epic Games/4.14/Engine/Plugins/Runtime/PacketHandlers/CompressionComponents/Oodle/Oodle.uplugin
LogPluginManager: Loaded Plugin ProceduralMeshComponent, From C:/Program Files (x86)/Epic Games/4.14/Engine/Plugins/Runtime/ProceduralMeshComponent/ProceduralMeshComponent.uplugin
LogPluginManager: Loaded Plugin SoundMod, From C:/Program Files (x86)/Epic Games/4.14/Engine/Plugins/Runtime/SoundMod/SoundMod.uplugin
LogPluginManager: Loaded Plugin SoundVisualizations, From C:/Program Files (x86)/Epic Games/4.14/Engine/Plugins/Runtime/SoundVisualizations/SoundVisualizations.uplugin
LogPluginManager: Loaded Plugin SteamController, From C:/Program Files (x86)/Epic Games/4.14/Engine/Plugins/Runtime/Steam/SteamController/SteamController.uplugin
LogPluginManager: Loaded Plugin SteamVR, From C:/Program Files (x86)/Epic Games/4.14/Engine/Plugins/Runtime/Steam/SteamVR/SteamVR.uplugin
LogPluginManager: Loaded Plugin WebBrowserWidget, From C:/Program Files (x86)/Epic Games/4.14/Engine/Plugins/Runtime/WebBrowserWidget/WebBrowserWidget.uplugin
LogPluginManager: Loaded Plugin WindowsDeviceProfileSelector, From C:/Program Files (x86)/Epic Games/4.14/Engine/Plugins/Runtime/WindowsDeviceProfileSelector/WindowsDeviceProfileSelector.uplugin
LogPluginManager: Loaded Plugin WindowsMoviePlayer, From C:/Program Files (x86)/Epic Games/4.14/Engine/Plugins/Runtime/WindowsMoviePlayer/WindowsMoviePlayer.uplugin
LogPluginManager: Loaded Plugin ScriptPlugin, From C:/Program Files (x86)/Epic Games/4.14/Engine/Plugins/ScriptPlugin/ScriptPlugin.uplugin
LogPluginManager: Loaded Plugin SlateRemote, From C:/Program Files (x86)/Epic Games/4.14/Engine/Plugins/Slate/SlateRemote/SlateRemote.uplugin
LogPluginManager: Loaded Plugin EditorTests, From C:/Program Files (x86)/Epic Games/4.14/Engine/Plugins/Tests/EditorTests/EditorTests.uplugin
LogPluginManager: Loaded Plugin FbxAutomationTestBuilder, From C:/Program Files (x86)/Epic Games/4.14/Engine/Plugins/Tests/FbxAutomationTestBuilder/FbxAutomationTestBuilder.uplugin
LogPluginManager: Loaded Plugin FunctionalTestingEditor, From C:/Program Files (x86)/Epic Games/4.14/Engine/Plugins/Tests/FunctionalTestingEditor/FunctionalTestingEditor.uplugin
LogPluginManager: Loaded Plugin RuntimeTests, From C:/Program Files (x86)/Epic Games/4.14/Engine/Plugins/Tests/RuntimeTests/RuntimeTests.uplugin
LogPluginManager: Loaded Plugin ScreenshotTools, From C:/Program Files (x86)/Epic Games/4.14/Engine/Plugins/Tests/ScreenshotTools/ScreenshotTools.uplugin
LogInit: Using libcurl 7.47.1
LogInit:  - built for x86_64-pc-win32
LogInit:  - supports SSL with OpenSSL/1.0.2g
LogInit:  - supports HTTP deflate (compression) using libz 1.2.8
LogInit:  - other features:
LogInit:      CURL_VERSION_SSL
LogInit:      CURL_VERSION_LIBZ
LogInit:      CURL_VERSION_IPV6
LogInit:      CURL_VERSION_ASYNCHDNS
LogInit:      CURL_VERSION_LARGEFILE
LogInit:      CURL_VERSION_IDN
LogInit:  CurlRequestOptions (configurable via config and command line):
LogInit:  - bVerifyPeer = false  - Libcurl will NOT verify peer certificate
LogInit:  - bUseHttpProxy = false  - Libcurl will NOT use HTTP proxy
LogInit:  - bDontReuseConnections = false  - Libcurl will reuse connections
LogInit:  - CertBundlePath = nullptr  - Libcurl will use whatever was configured at build time.
LogInit: Build: ++UE4+Release-4.14-CL-3195953
LogInit: Engine Version: 4.14.0-3195953+++UE4+Release-4.14
LogInit: Compatible Engine Version: 4.14.0-3195953+++UE4+Release-4.14
LogInit: Net CL: 3195953
LogDevObjectVersion: Number of dev versions registered: 13
LogDevObjectVersion:   Dev-Blueprints (B0D832E4-1F89-4F0D-ACCF-7EB736FD4AA2): 7
LogDevObjectVersion:   Dev-Build (E1C64328-A22C-4D53-A36C-8E866417BD8C): 0
LogDevObjectVersion:   Dev-Core (375EC13C-06E4-48FB-B500-84F0262A717E): 1
LogDevObjectVersion:   Dev-Editor (E4B068ED-F494-42E9-A231-DA0B2E46BB41): 8
LogDevObjectVersion:   Dev-Framework (CFFC743F-43B0-4480-9391-14DF171D2073): 17
LogDevObjectVersion:   Dev-Mobile (B02B49B5-BB20-44E9-A304-32B752E40360): 0
LogDevObjectVersion:   Dev-Networking (A4E4105C-59A1-49B5-A7C5-40C4547EDFEE): 0
LogDevObjectVersion:   Dev-Online (39C831C9-5AE6-47DC-9A44-9C173E1C8E7C): 0
LogDevObjectVersion:   Dev-Physics (78F01B33-EBEA-4F98-B9B4-84EACCB95AA2): 0
LogDevObjectVersion:   Dev-Platform (6631380F-2D4D-43E0-8009-CF276956A95A): 0
LogDevObjectVersion:   Dev-Rendering (12F88B9F-8875-4AFC-A67C-D90C383ABD29): 12
LogDevObjectVersion:   Dev-Sequencer (7B5AE74C-D270-4C10-A958-57980B212A5A): 1
LogDevObjectVersion:   Dev-VR (D7296918-1DD6-4BDD-9DE2-64A83CC13884): 0
LogInit: Compiled (64-bit): Nov 12 2016 02:14:10
LogInit: Compiled with Visual C++: 19.00.23026.00
LogInit: Build Configuration: Development
LogInit: Branch Name: ++UE4+Release-4.14
LogInit: Command line:  
LogInit: Base directory: C:/Program Files (x86)/Epic Games/4.14/Engine/Binaries/Win64/
LogInit: Installed Engine Build: 1
LogInit: Presizing for max 8388607 objects, including 0 objects not considered by GC, pre-allocating 0 bytes for permanent pool.
LogInit: Object subsystem initialized
[2016.12.13-02.52.00:899][  0]LogInit: Selected Device Profile: [Windows]
[2016.12.13-02.52.00:899][  0]LogInit: Applying CVar settings loaded from the selected device profile: [Windows]
[2016.12.13-02.52.00:915][  0]LogInit: Computer: DELL_7010
[2016.12.13-02.52.00:915][  0]LogInit: User: Michael
[2016.12.13-02.52.00:915][  0]LogInit: CPU Page size=65536, Cores=4
[2016.12.13-02.52.00:915][  0]LogInit: High frequency timer resolution =3.312871 MHz
[2016.12.13-02.52.00:915][  0]LogMemory: Memory total: Physical=8.0GB (8GB approx)
[2016.12.13-02.52.00:915][  0]LogMemory: Platform Memory Stats for Windows
[2016.12.13-02.52.00:915][  0]LogMemory: Process Physical Memory: 266.04 MB used, 266.04 MB peak
[2016.12.13-02.52.00:915][  0]LogMemory: Process Virtual Memory: 265.63 MB used, 265.63 MB peak
[2016.12.13-02.52.00:915][  0]LogMemory: Physical Memory: 2294.49 MB used,  5852.04 MB free, 8146.54 MB total
[2016.12.13-02.52.00:915][  0]LogMemory: Virtual Memory: 664.99 MB used,  5852.04 MB free, 8388608.00 MB total
[2016.12.13-02.52.01:320][  0]LogTextLocalizationManager: No specific translations for ('en-US') exist, so ('en') translations will be used.
[2016.12.13-02.52.01:895][  0]LogD3D11RHI: D3D11 adapters:
[2016.12.13-02.52.01:902][  0]LogD3D11RHI:    0. 'AMD Radeon HD 7000 series' (Feature Level 11_0)
[2016.12.13-02.52.01:902][  0]LogD3D11RHI:       1008/0/3817 MB DedicatedVideo/DedicatedSystem/SharedSystem, Outputs:1, VendorId:0x1002
[2016.12.13-02.52.01:907][  0]LogD3D11RHI:    1. 'AMD Radeon HD 7000 series' (Feature Level 11_0)
[2016.12.13-02.52.01:907][  0]LogD3D11RHI:       1008/0/3817 MB DedicatedVideo/DedicatedSystem/SharedSystem, Outputs:1, VendorId:0x1002
[2016.12.13-02.52.01:907][  0]LogD3D11RHI: Chosen D3D11 Adapter: 0
[2016.12.13-02.52.01:911][  0]LogD3D11RHI: Creating new Direct3DDevice
[2016.12.13-02.52.01:912][  0]LogD3D11RHI:     GPU DeviceId: 0x6778 (for the marketing name, search the web for "GPU Device Id")
[2016.12.13-02.52.01:912][  0]LogWindows: EnumDisplayDevices:
[2016.12.13-02.52.01:912][  0]LogWindows:    0. 'AMD Radeon HD 7000 series' (P:1 D:1)
[2016.12.13-02.52.01:912][  0]LogWindows:    1. 'AMD Radeon HD 7000 series' (P:0 D:0)
[2016.12.13-02.52.01:912][  0]LogWindows:    2. 'AMD Radeon HD 7000 series' (P:0 D:0)
[2016.12.13-02.52.01:912][  0]LogWindows:    3. 'AMD Radeon HD 7000 series' (P:0 D:0)
[2016.12.13-02.52.01:912][  0]LogWindows:    4. 'AMD Radeon HD 7000 series' (P:0 D:1)
[2016.12.13-02.52.01:913][  0]LogWindows:    5. 'AMD Radeon HD 7000 series' (P:0 D:0)
[2016.12.13-02.52.01:913][  0]LogWindows:    6. 'AMD Radeon HD 7000 series' (P:0 D:0)
[2016.12.13-02.52.01:913][  0]LogWindows:    7. 'AMD Radeon HD 7000 series' (P:0 D:0)
[2016.12.13-02.52.01:913][  0]LogWindows:    8. 'RDPDD Chained DD' (P:0 D:0)
[2016.12.13-02.52.01:913][  0]LogWindows:    9. 'RDP Encoder Mirror Driver' (P:0 D:0)
[2016.12.13-02.52.01:913][  0]LogWindows:    10. 'RDP Reflector Display Driver' (P:0 D:0)
[2016.12.13-02.52.01:913][  0]LogWindows: DebugString: PrimaryIsNotTheChoosenAdapter PrimaryIsNotTheChoosenAdapter PrimaryIsNotTheChoosenAdapter PrimaryIsNotTheChoosenAdapter PrimaryIsNotTheChoosenAdapter PrimaryIsNotTheChoosenAdapter PrimaryIsNotTheChoosenAdapter PrimaryIsNotTheChoosenAdapter GetVideoDriverDetailsInvalid PrimaryIsNotTheChoosenAdapter GetVideoDriverDetailsInvalid PrimaryIsNotTheChoosenAdapter GetVideoDriverDetailsInvalid PrimaryIsNotTheChoosenAdapter FoundDriverCount:0 
[2016.12.13-02.52.01:913][  0]LogD3D11RHI:     Adapter Name: AMD Radeon HD 7000 series
[2016.12.13-02.52.01:913][  0]LogD3D11RHI:   Driver Version: Unknown (internal:Unknown, unified:Unknown)
[2016.12.13-02.52.01:913][  0]LogD3D11RHI:      Driver Date: Unknown
[2016.12.13-02.52.01:914][  0]LogRHI: Texture pool is 706 MB (70% of 1008 MB)
[2016.12.13-02.52.01:919][  0]LogD3D11RHI: Async texture creation enabled
[2016.12.13-02.52.01:932][  0]LogD3D11RHI: GPU Timing Frequency: 27.000000 (Debug: 2 1)
[2016.12.13-02.52.01:932][  0]LogShaderCompilers: Guid format shader working directory is -9 characters bigger than the processId version (../../../../../../Projects/Unreal Projects/MenuHudProject/Intermediate/Shaders/WorkingDirectory/4872/).
[2016.12.13-02.52.01:932][  0]LogShaderCompilers: Cleaned the shader compiler working directory 'C:/Users/Michael/AppData/Local/Temp/UnrealShaderWorkingDir/47DE951B4FB214F46E8B8F9959AF89CA/'.
[2016.12.13-02.52.01:932][  0]LogShaderCompilers:Display: Using Local Shader Compiler.
[2016.12.13-02.52.03:130][  0]LogTemp:Display: Loaded TP AllDesktopTargetPlatform
[2016.12.13-02.52.03:187][  0]LogTemp:Display: Loaded TP MacClientTargetPlatform
[2016.12.13-02.52.03:244][  0]LogTemp:Display: Loaded TP MacNoEditorTargetPlatform
[2016.12.13-02.52.03:300][  0]LogTemp:Display: Loaded TP MacServerTargetPlatform
[2016.12.13-02.52.03:358][  0]LogTemp:Display: Loaded TP MacTargetPlatform
[2016.12.13-02.52.03:415][  0]LogTemp:Display: Loaded TP WindowsClientTargetPlatform
[2016.12.13-02.52.03:471][  0]LogTemp:Display: Loaded TP WindowsNoEditorTargetPlatform
[2016.12.13-02.52.03:528][  0]LogTemp:Display: Loaded TP WindowsServerTargetPlatform
[2016.12.13-02.52.03:574][  0]LogTemp:Display: Loaded TP WindowsTargetPlatform
[2016.12.13-02.52.03:632][  0]LogTemp:Display: Loaded TP AndroidTargetPlatform
[2016.12.13-02.52.03:688][  0]LogTemp:Display: Loaded TP Android_ASTCTargetPlatform
[2016.12.13-02.52.03:744][  0]LogTemp:Display: Loaded TP Android_ATCTargetPlatform
[2016.12.13-02.52.03:800][  0]LogTemp:Display: Loaded TP Android_DXTTargetPlatform
[2016.12.13-02.52.03:857][  0]LogTemp:Display: Loaded TP Android_ETC1TargetPlatform
[2016.12.13-02.52.03:913][  0]LogTemp:Display: Loaded TP Android_ETC2TargetPlatform
[2016.12.13-02.52.04:024][  0]LogTemp:Display: Loaded TP Android_MultiTargetPlatform
[2016.12.13-02.52.04:024][  0]LogTemp:Display: Loaded TP Android_PVRTCTargetPlatform
[2016.12.13-02.52.04:063][  0]LogTemp:Display: Loaded TP HTML5TargetPlatform
[2016.12.13-02.52.04:152][  0]LogTemp:Display: Loaded TP IOSTargetPlatform
[2016.12.13-02.52.04:188][  0]LogTemp:Display: Loaded TP TVOSTargetPlatform
[2016.12.13-02.52.04:244][  0]LogTemp:Display: Loaded TP LinuxClientTargetPlatform
[2016.12.13-02.52.04:299][  0]LogTemp:Display: Loaded TP LinuxNoEditorTargetPlatform
[2016.12.13-02.52.04:355][  0]LogTemp:Display: Loaded TP LinuxServerTargetPlatform
[2016.12.13-02.52.04:413][  0]LogTemp:Display: Loaded TP LinuxTargetPlatform
[2016.12.13-02.52.04:413][  0]LogTargetPlatformManager:Display: Building Assets For Windows
[2016.12.13-02.52.04:889][  0]LogDerivedDataCache:Display: Max Cache Size: 512 MB
[2016.12.13-02.52.04:953][  0]LogDerivedDataCache: Loaded boot cache 0.06s 50MB C:/Users/Michael/AppData/Local/UnrealEngine/4.14/DerivedDataCache/Boot.ddc.
[2016.12.13-02.52.04:953][  0]LogDerivedDataCache:Display: Loaded Boot cache: C:/Users/Michael/AppData/Local/UnrealEngine/4.14/DerivedDataCache/Boot.ddc
[2016.12.13-02.52.04:953][  0]LogDerivedDataCache: FDerivedDataBackendGraph:  Pak pak cache file ../../../../../../Projects/Unreal Projects/MenuHudProject/DerivedDataCache/DDC.ddp not found, will not use a pak cache.
[2016.12.13-02.52.04:953][  0]LogDerivedDataCache: Unable to find inner node Pak for hierarchical cache Hierarchy.
[2016.12.13-02.52.04:953][  0]LogDerivedDataCache: FDerivedDataBackendGraph:  CompressedPak pak cache file ../../../../../../Projects/Unreal Projects/MenuHudProject/DerivedDataCache/Compressed.ddp not found, will not use a pak cache.
[2016.12.13-02.52.04:953][  0]LogDerivedDataCache: Unable to find inner node CompressedPak for hierarchical cache Hierarchy.
[2016.12.13-02.52.04:969][  0]LogDerivedDataCache:Display: Pak cache opened for reading ../../../Engine/DerivedDataCache/Compressed.ddp.
[2016.12.13-02.52.04:981][  0]LogDerivedDataCache: Using Local data cache path C:/Users/Michael/AppData/Local/UnrealEngine/Common/DerivedDataCache: Writable
[2016.12.13-02.52.05:201][  0]LogInit: Selected Device Profile: [Windows]
[2016.12.13-02.52.05:204][  0]LogContentStreaming: Texture pool size is 0.00 MB
[2016.12.13-02.52.05:412][  0]LogMeshUtilities: Using QuadricMeshReduction for automatic static mesh reduction
[2016.12.13-02.52.05:457][  0]LogSimplygon: Simplygon DLL not present - disabling.
[2016.12.13-02.52.05:502][  0]LogMeshUtilities: Using SimplygonSwarm for distributed automatic mesh merging
[2016.12.13-02.52.05:502][  0]LogMeshUtilities: No automatic skeletal mesh reduction module available
[2016.12.13-02.52.05:502][  0]LogMeshUtilities: No automatic mesh merging module available
[2016.12.13-02.52.06:037][  0]LogNetVersion: GetLocalNetworkVersion: CL: 3195953, ProjectName: menuhudproject, ProjectVersion: , EngineNetworkVersion: 2, GameNetworkVersion: 0, NetworkChecksum: 1093614201
[2016.12.13-02.52.06:093][  0]LogAssetRegistry: FAssetRegistry took 0.0200 seconds to start up
[2016.12.13-02.52.06:143][  0]LogPackageLocalizationCache: Processed 3 localized package path(s) for 2 prioritized culture(s) in 0.028755 seconds
[2016.12.13-02.52.06:149][  0]LogUObjectArray: 31946 objects as part of root set at end of initial load.
[2016.12.13-02.52.06:149][  0]LogUObjectAllocator: 6935840 out of 0 bytes used by permanent object pool.
[2016.12.13-02.52.06:149][  0]LogUObjectArray: CloseDisregardForGC: 0/0 objects in disregard for GC pool
[2016.12.13-02.52.06:213][  0]LogInit: WinSock: version 1.1 (2.2), MaxSocks=32767, MaxUdp=65467
[2016.12.13-02.52.06:974][  0]LogSlate: Using Freetype 2.6.0
[2016.12.13-02.52.06:975][  0]LogSlate: SlateFontCache - WITH_FREETYPE: 1, WITH_HARFBUZZ: 1
[2016.12.13-02.52.06:975][  0]LogSlate: SlateFontCache - WITH_FREETYPE: 1, WITH_HARFBUZZ: 1
[2016.12.13-02.52.08:744][  0]LogTcpMessaging: Initializing TcpMessaging bridge
[2016.12.13-02.52.08:781][  0]LogUdpMessaging: Initializing bridge on interface 0.0.0.0:0 to multicast group 230.0.0.1:6666.
[2016.12.13-02.52.09:125][  0]LogMaterial: Uniform references updated for custom material expression Custom.
[2016.12.13-02.52.09:510][  0]SourceControl: Info Source control is disabled
[2016.12.13-02.52.09:549][  0]SourceControl: Info Source control is disabled
[2016.12.13-02.52.09:594][  0]SourceControl: Info Source control is disabled
[2016.12.13-02.52.09:638][  0]SourceControl: Info Source control is disabled
[2016.12.13-02.52.10:859][  0]LogEngine: Initializing Engine...
[2016.12.13-02.52.10:860][  0]LogHMD: Failed to initialize OpenVR with code 110
[2016.12.13-02.52.11:095][  0]LogAIModule: Creating AISystem for world Untitled
[2016.12.13-02.52.11:107][  0]LogInit: XAudio2 using 'Speakers (High Definition Audio Device)' : 2 channels at 44.1 kHz using 16 bits per sample (channel mask 0x3)
[2016.12.13-02.52.11:129][  0]LogInit: FAudioDevice initialized.
[2016.12.13-02.52.11:158][  0]LogDerivedDataCache: Saved boot cache 0.03s 50MB C:/Users/Michael/AppData/Local/UnrealEngine/4.14/DerivedDataCache/Boot.ddc.
[2016.12.13-02.52.11:164][  0]LogInit: Texture streaming: Enabled
[2016.12.13-02.52.11:366][  0]LogInit: Transaction tracking system initialized
[2016.12.13-02.52.11:710][  0]BlueprintLog: New page: Editor Load
[2016.12.13-02.52.12:583][  0]LocalizationService: Info Localization service is disabled
[2016.12.13-02.52.13:233][  0]LogConsoleResponse:Display: 
[2016.12.13-02.52.13:362][  0]LogCook:Display: Max memory allowance for cook 16384mb min free memory 0mb
[2016.12.13-02.52.13:362][  0]LogCook:Display: Mobile HDR setting 1
[2016.12.13-02.52.14:262][  0]LogFileCache: Scanning file cache for directory 'C:/Projects/Unreal Projects/MenuHudProject/Content/' took 0.01s
[2016.12.13-02.52.14:308][  0]SourceControl: Info Source control is disabled
[2016.12.13-02.52.14:308][  0]Cmd: MAP LOAD FILE="../../../../../../Projects/Unreal Projects/MenuHudProject/Content/2DSideScrollerBP/Maps/2DSideScrollerExampleMap.umap" TEMPLATE=0 SHOWPROGRESS=1 FEATURELEVEL=3
[2016.12.13-02.52.14:308][  0]LightingResults: New page: Lighting Build
[2016.12.13-02.52.14:349][  0]MapCheck: New page: Map Check
[2016.12.13-02.52.14:349][  0]LightingResults: New page: Lighting Build
[2016.12.13-02.52.14:546][  0]LogAIModule: Creating AISystem for world 2DSideScrollerExampleMap
[2016.12.13-02.52.14:551][  0]LogEditorServer: Finished looking for orphan Actors (0.000 secs)
[2016.12.13-02.52.14:551][  0]Cmd: MAP CHECKDEP NOCLEARLOG
[2016.12.13-02.52.14:589][  0]MapCheck: Info Map check complete: 0 Error(s), 0 Warning(s), took 38.104ms to complete.
[2016.12.13-02.52.14:589][  0]LogFileHelpers: Loading map '2DSideScrollerExampleMap' took 0.281
[2016.12.13-02.52.14:751][  0]LogCollectionManager: Loaded 0 collections in 0.001026 seconds
[2016.12.13-02.52.14:831][  0]LogFileCache: Scanning file cache for directory 'C:/Projects/Unreal Projects/MenuHudProject/Saved/Collections/' took 0.01s
[2016.12.13-02.52.14:831][  0]LogFileCache: Scanning file cache for directory 'C:/Projects/Unreal Projects/MenuHudProject/Content/Developers/Michael/Collections/' took 0.01s
[2016.12.13-02.52.14:831][  0]LogFileCache: Scanning file cache for directory 'C:/Projects/Unreal Projects/MenuHudProject/Content/Collections/' took 0.01s
[2016.12.13-02.52.14:831][  0]LogCollectionManager: Rebuilt the GUID cache for 0 collections in 0.000002 seconds
[2016.12.13-02.52.14:840][  0]LogContentBrowser: Native class hierarchy populated in 0.0085 seconds. Added 2190 classes and 428 folders.
[2016.12.13-02.52.14:881][  0]LogStats: UGameplayTagsManager::ConstructGameplayTagTree: Construct from data asset -  0.000 s
[2016.12.13-02.52.14:881][  0]LogStats: UGameplayTagsManager::ConstructGameplayTagTree: GameplayTagTreeChangedEvent.Broadcast -  0.000 s
[2016.12.13-02.52.14:882][  0]LogContentBrowser: Native class hierarchy updated for 'GameplayTags' in 0.0005 seconds. Added 13 classes and 0 folders.
[2016.12.13-02.52.14:944][  0]LogContentBrowser: Native class hierarchy updated for 'WidgetCarousel' in 0.0004 seconds. Added 0 classes and 0 folders.
[2016.12.13-02.52.15:028][  0]LogContentBrowser: Native class hierarchy updated for 'AddContentDialog' in 0.0004 seconds. Added 0 classes and 0 folders.
[2016.12.13-02.52.15:070][  0]LogContentBrowser: Native class hierarchy updated for 'SceneOutliner' in 0.0004 seconds. Added 1 classes and 2 folders.
[2016.12.13-02.52.15:139][  0]LogCrashTracker: Crashtracker disabled due to settings.
[2016.12.13-02.52.15:146][  0]LogUObjectGlobals:Warning: Failed to find object 'Class None.'
[2016.12.13-02.52.15:209][  0]LogContentBrowser: Native class hierarchy updated for 'HierarchicalLODOutliner' in 0.0005 seconds. Added 1 classes and 2 folders.
[2016.12.13-02.52.15:210][  0]LogLoad: (Engine Initialization) Total time: 16.16 seconds
[2016.12.13-02.52.15:210][  0]LogLoad: (Engine Initialization) Total Blueprint compile time: 0.09 seconds
[2016.12.13-02.52.15:210][  0]LogExternalProfiler: Found external profiler: VSPerf
[2016.12.13-02.52.15:210][  0]LogExternalProfiler: Using external profiler: VSPerf
[2016.12.13-02.52.15:219][  0]LogOcInput: OculusInput pre-init called
[2016.12.13-02.52.15:236][  0]LogContentStreaming: Texture pool size now 1000 MB
[2016.12.13-02.52.15:366][  0]LogRenderer: Reallocating scene render targets to support 1056x488 NumSamples 1 (Frame:2).
[2016.12.13-02.52.15:570][  1]LogAssetRegistry: Asset discovery search completed in 9.4974 seconds
[2016.12.13-02.52.15:570][  1]LogCollectionManager: Rebuilt the object cache for 0 collections in 0.000001 seconds (found 0 objects)
[2016.12.13-02.52.15:570][  1]LogCollectionManager: Fixed up redirectors for 0 collections in 0.000018 seconds (updated 0 objects)
[2016.12.13-02.52.36:375][917]LogTexture:Display: Building textures: ExampleBackground (AutoDXT)
[2016.12.13-02.52.38:336][917]LogTexture:Display: Building textures: button (BGRA8)
[2016.12.13-02.52.38:911][917]LogContentBrowser: Native class hierarchy updated for 'BlueprintGraph' in 0.0008 seconds. Added 111 classes and 0 folders.
[2016.12.13-02.52.59:035][551]LogTemp: Repeting last play command: Selected Viewport
[2016.12.13-02.52.59:048][551]LogBlueprintUserMessages: Early PlayInEditor Detection: Level '/Game/2DSideScrollerBP/Maps/2DSideScrollerExampleMap.2DSideScrollerExampleMap:PersistentLevel' has LevelScriptBlueprint '/Game/2DSideScrollerBP/Maps/2DSideScrollerExampleMap.2DSideScrollerExampleMap:PersistentLevel.2DSideScrollerExampleMap' with GeneratedClass '/Game/2DSideScrollerBP/Maps/2DSideScrollerExampleMap.2DSideScrollerExampleMap_C' with ClassGeneratedBy '/Game/2DSideScrollerBP/Maps/2DSideScrollerExampleMap.2DSideScrollerExampleMap:PersistentLevel.2DSideScrollerExampleMap'
[2016.12.13-02.52.59:049][551]LogPlayLevel: PlayLevel: No blueprints needed recompiling
[2016.12.13-02.52.59:049][551]PIE: New page: PIE session: 2DSideScrollerExampleMap (Dec 12, 2016, 10:52:59 AM)
[2016.12.13-02.52.59:049][551]LogPlayLevel: Creating play world package: /Game/2DSideScrollerBP/Maps/UEDPIE_0_2DSideScrollerExampleMap
[2016.12.13-02.52.59:052][551]LogPlayLevel: PIE: StaticDuplicateObject took: (0.002660s)
[2016.12.13-02.52.59:052][551]LogAIModule: Creating AISystem for world 2DSideScrollerExampleMap
[2016.12.13-02.52.59:052][551]LogPlayLevel: PIE: World Init took: (0.000645s)
[2016.12.13-02.52.59:053][551]LogPlayLevel: PIE: Created PIE world by copying editor world from /Game/2DSideScrollerBP/Maps/2DSideScrollerExampleMap.2DSideScrollerExampleMap to /Game/2DSideScrollerBP/Maps/UEDPIE_0_2DSideScrollerExampleMap.2DSideScrollerExampleMap (0.003514s)
[2016.12.13-02.52.59:080][551]LogInit: XAudio2 using 'Speakers (High Definition Audio Device)' : 2 channels at 44.1 kHz using 16 bits per sample (channel mask 0x3)
[2016.12.13-02.52.59:086][551]LogInit: FAudioDevice initialized.
[2016.12.13-02.52.59:130][551]LogLoad: Game class is '2DSideScrollerGameMode_C'
[2016.12.13-02.52.59:134][551]LogWorld: Bringing World /Game/2DSideScrollerBP/Maps/UEDPIE_0_2DSideScrollerExampleMap.2DSideScrollerExampleMap up for play (max tick rate 0) at 2016.12.12-18.52.59
[2016.12.13-02.52.59:135][551]LogWorld: Bringing up level for play took: 0.003018
[2016.12.13-02.52.59:191][551]LogContentBrowser: Native class hierarchy updated for 'MovieSceneCapture' in 0.0005 seconds. Added 11 classes and 0 folders.
[2016.12.13-02.52.59:192][551]PIE: Info Play in editor start time for /Game/2DSideScrollerBP/Maps/UEDPIE_0_2DSideScrollerExampleMap 0.984
[2016.12.13-02.52.59:192][551]LogBlueprintUserMessages: Late PlayInEditor Detection: Level '/Game/2DSideScrollerBP/Maps/2DSideScrollerExampleMap.2DSideScrollerExampleMap:PersistentLevel' has LevelScriptBlueprint '/Game/2DSideScrollerBP/Maps/2DSideScrollerExampleMap.2DSideScrollerExampleMap:PersistentLevel.2DSideScrollerExampleMap' with GeneratedClass '/Game/2DSideScrollerBP/Maps/2DSideScrollerExampleMap.2DSideScrollerExampleMap_C' with ClassGeneratedBy '/Game/2DSideScrollerBP/Maps/2DSideScrollerExampleMap.2DSideScrollerExampleMap:PersistentLevel.2DSideScrollerExampleMap'
[2016.12.13-02.53.18:404][892]LogBlueprintUserMessages: Early EndPlayMap Detection: Level '/Game/2DSideScrollerBP/Maps/2DSideScrollerExampleMap.2DSideScrollerExampleMap:PersistentLevel' has LevelScriptBlueprint '/Game/2DSideScrollerBP/Maps/2DSideScrollerExampleMap.2DSideScrollerExampleMap:PersistentLevel.2DSideScrollerExampleMap' with GeneratedClass '/Game/2DSideScrollerBP/Maps/2DSideScrollerExampleMap.2DSideScrollerExampleMap_C' with ClassGeneratedBy '/Game/2DSideScrollerBP/Maps/2DSideScrollerExampleMap.2DSideScrollerExampleMap:PersistentLevel.2DSideScrollerExampleMap'
[2016.12.13-02.53.18:466][892]LogBlueprintUserMessages: Late EndPlayMap Detection: Level '/Game/2DSideScrollerBP/Maps/2DSideScrollerExampleMap.2DSideScrollerExampleMap:PersistentLevel' has LevelScriptBlueprint '/Game/2DSideScrollerBP/Maps/2DSideScrollerExampleMap.2DSideScrollerExampleMap:PersistentLevel.2DSideScrollerExampleMap' with GeneratedClass '/Game/2DSideScrollerBP/Maps/2DSideScrollerExampleMap.2DSideScrollerExampleMap_C' with ClassGeneratedBy '/Game/2DSideScrollerBP/Maps/2DSideScrollerExampleMap.2DSideScrollerExampleMap:PersistentLevel.2DSideScrollerExampleMap'
[2016.12.13-02.53.29:480][266]Cmd: OBJ SAVEPACKAGE PACKAGE="/Game/MenuAndHud/MainMenu" FILE="../../../../../../Projects/Unreal Projects/MenuHudProject/Content/MenuAndHud/MainMenu.uasset" SILENT=true
[2016.12.13-02.53.29:512][266]LogSavePackage: Save=25.05ms
[2016.12.13-02.53.29:512][266]LogSavePackage: Moving '../../../../../../Projects/Unreal Projects/MenuHudProject/Saved/MainMenu6BD1A8CC4B6A5DA5C11A2E95690B4F93.tmp' to '../../../../../../Projects/Unreal Projects/MenuHudProject/Content/MenuAndHud/MainMenu.uasset'
[2016.12.13-02.53.29:516][266]LogSavePackage:Display: Finished SavePackage ../../../../../../Projects/Unreal Projects/MenuHudProject/Content/MenuAndHud/MainMenu.uasset
[2016.12.13-04.53.48:397][495]Cmd: QUIT_EDITOR
[2016.12.13-04.53.48:460][495]LogExit: Preparing to exit.
[2016.12.13-04.53.49:325][495]LogDirectoryWatcher: A directory notification for 'C:/Projects/Unreal Projects/MenuHudProject/Content/' was aborted.
[2016.12.13-04.53.49:357][495]LogExit: Editor shut down
[2016.12.13-04.53.49:358][495]LogExit: Transaction tracking system shut down
[2016.12.13-04.53.49:441][495]LogObj: Freed 0b from 0 cluster array pools.
[2016.12.13-04.53.49:441][495]LogExit: Object subsystem successfully closed.
[2016.12.13-04.53.49:454][495]LogD3D11RHI: Shutdown
[2016.12.13-04.53.49:455][495]LogD3D11RHI: CleanupD3DDevice
[2016.12.13-04.53.49:481][495]LogD3D11RHI: ~FD3D11DynamicRHI
[2016.12.13-04.53.49:498][495]LogHttp:Display: Http module shutting down, but needs to wait on 1 outstanding Http requests:
[2016.12.13-04.53.49:498][495]LogHttp:Display: 	verb=[POST] url=[https://datarouter.ol.epicgames.com/datarouter/api/v1/public/data?SessionID=%7B93B72FAD-483E-CC57-4F63-14B905BF3E50%7D&AppID=UEEditor.Rocket.Release&AppVersion=4.14.0-3195953%2B%2B%2BUE4%2BRelease-4.14&UserID=908653924695114f51f0e2ab6e2df17a%7C96adf8e2f188487abcab3fb8711cecfc%7Ca660eb4f-97c4-4eda-b37f-38f3f9d25ac0&AppEnvironment=datacollector-binary&UploadType=eteventstream] status=Processing
[2016.12.13-04.53.49:503][495]LogModuleManager: Shutting down and abandoning module MovieSceneCapture (245)
[2016.12.13-04.53.49:503][495]LogModuleManager: Shutting down and abandoning module SequencerWidgets (244)
[2016.12.13-04.53.49:503][495]LogModuleManager: Shutting down and abandoning module BlueprintGraph (243)
[2016.12.13-04.53.49:503][495]LogModuleManager: Shutting down and abandoning module BlueprintProfiler (242)
[2016.12.13-04.53.49:503][495]LogModuleManager: Shutting down and abandoning module HierarchicalLODOutliner (241)
[2016.12.13-04.53.49:503][495]LogModuleManager: Shutting down and abandoning module CrashTracker (240)
[2016.12.13-04.53.49:503][495]LogModuleManager: Shutting down and abandoning module SceneOutliner (239)
[2016.12.13-04.53.49:504][495]LogModuleManager: Shutting down and abandoning module WidgetCarousel (238)
[2016.12.13-04.53.49:504][495]LogModuleManager: Shutting down and abandoning module AddContentDialog (237)
[2016.12.13-04.53.49:504][495]LogDirectoryWatcher: A directory notification for 'C:/Program Files (x86)/Epic Games/4.14/FeaturePacks/' was aborted.
[2016.12.13-04.53.49:504][495]LogModuleManager: Shutting down and abandoning module GameplayTags (236)
[2016.12.13-04.53.49:504][495]LogModuleManager: Shutting down and abandoning module EditorWidgets (235)
[2016.12.13-04.53.49:504][495]LogModuleManager: Shutting down and abandoning module CollectionManager (234)
[2016.12.13-04.53.49:504][495]LogDirectoryWatcher: A directory notification for 'C:/Projects/Unreal Projects/MenuHudProject/Content/Collections/' was aborted.
[2016.12.13-04.53.49:505][495]LogDirectoryWatcher: A directory notification for 'C:/Projects/Unreal Projects/MenuHudProject/Content/Developers/Michael/Collections/' was aborted.
[2016.12.13-04.53.49:505][495]LogDirectoryWatcher: A directory notification for 'C:/Projects/Unreal Projects/MenuHudProject/Saved/Collections/' was aborted.
[2016.12.13-04.53.49:505][495]LogModuleManager: Shutting down and abandoning module StatsViewer (233)
[2016.12.13-04.53.49:505][495]LogModuleManager: Shutting down and abandoning module FoliageEdit (232)
[2016.12.13-04.53.49:505][495]LogModuleManager: Shutting down and abandoning module LandscapeEditor (231)
[2016.12.13-04.53.49:505][495]LogModuleManager: Shutting down and abandoning module SceneDepthPickerMode (230)
[2016.12.13-04.53.49:505][495]LogModuleManager: Shutting down and abandoning module ActorPickerMode (229)
[2016.12.13-04.53.49:505][495]LogModuleManager: Shutting down and abandoning module GeometryMode (228)
[2016.12.13-04.53.49:505][495]LogModuleManager: Shutting down and abandoning module TextureAlignMode (227)
[2016.12.13-04.53.49:505][495]LogModuleManager: Shutting down and abandoning module BspMode (226)
[2016.12.13-04.53.49:505][495]LogModuleManager: Shutting down and abandoning module HardwareSurvey (225)
[2016.12.13-04.53.49:505][495]LogModuleManager: Shutting down and abandoning module SequenceRecorderSections (224)
[2016.12.13-04.53.49:505][495]LogModuleManager: Shutting down and abandoning module AutomationWorker (223)
[2016.12.13-04.53.49:505][495]LogModuleManager: Shutting down and abandoning module MatineeToLevelSequence (222)
[2016.12.13-04.53.49:505][495]LogModuleManager: Shutting down and abandoning module PlacementMode (221)
[2016.12.13-04.53.49:505][495]LogModuleManager: Shutting down and abandoning module LevelSequenceEditor (220)
[2016.12.13-04.53.49:505][495]LogModuleManager: Shutting down and abandoning module WmfMediaFactory (219)
[2016.12.13-04.53.49:505][495]LogModuleManager: Shutting down and abandoning module WmfMediaEditor (218)
[2016.12.13-04.53.49:505][495]LogModuleManager: Shutting down and abandoning module AvfMediaFactory (217)
[2016.12.13-04.53.49:505][495]LogModuleManager: Shutting down and abandoning module AvfMediaEditor (216)
[2016.12.13-04.53.49:505][495]LogModuleManager: Shutting down and abandoning module Media (215)
[2016.12.13-04.53.49:505][495]LogModuleManager: Shutting down and abandoning module AndroidMediaFactory (214)
[2016.12.13-04.53.49:505][495]LogModuleManager: Shutting down and abandoning module AndroidMediaEditor (213)
[2016.12.13-04.53.49:505][495]LogModuleManager: Shutting down and abandoning module CharacterAI (212)
[2016.12.13-04.53.49:505][495]LogModuleManager: Shutting down and abandoning module SequenceRecorder (211)
[2016.12.13-04.53.49:505][495]LogModuleManager: Shutting down and abandoning module AudioCapture (210)
[2016.12.13-04.53.49:505][495]LogModuleManager: Shutting down and abandoning module SmartSnapping (209)
[2016.12.13-04.53.49:505][495]LogModuleManager: Shutting down and abandoning module SessionServices (208)
[2016.12.13-04.53.49:505][495]LogModuleManager: Shutting down and abandoning module ViewportSnapping (207)
[2016.12.13-04.53.49:505][495]LogModuleManager: Shutting down and abandoning module ViewportInteraction (206)
[2016.12.13-04.53.49:505][495]LogModuleManager: Shutting down and abandoning module LogVisualizer (205)
[2016.12.13-04.53.49:505][495]LogModuleManager: Shutting down and abandoning module GameProjectGeneration (204)
[2016.12.13-04.53.49:505][495]LogModuleManager: Shutting down and abandoning module IntroTutorials (203)
[2016.12.13-04.53.49:505][495]LogModuleManager: Shutting down and abandoning module EditorLiveStreaming (202)
[2016.12.13-04.53.49:505][495]LogModuleManager: Shutting down and abandoning module IOSPlatformEditor (201)
[2016.12.13-04.53.49:505][495]LogModuleManager: Shutting down and abandoning module HTML5PlatformEditor (200)
[2016.12.13-04.53.49:505][495]LogModuleManager: Shutting down and abandoning module AndroidDeviceDetection (199)
[2016.12.13-04.53.50:346][495]LogModuleManager: Shutting down and abandoning module AndroidPlatformEditor (198)
[2016.12.13-04.53.50:346][495]LogModuleManager: Shutting down and abandoning module IOSRuntimeSettings (197)
[2016.12.13-04.53.50:346][495]LogModuleManager: Shutting down and abandoning module AndroidRuntimeSettings (196)
[2016.12.13-04.53.50:346][495]LogModuleManager: Shutting down and abandoning module InputBindingEditor (195)
[2016.12.13-04.53.50:346][495]LogModuleManager: Shutting down and abandoning module NiagaraEditor (194)
[2016.12.13-04.53.50:346][495]LogModuleManager: Shutting down and abandoning module MergeActors (193)
[2016.12.13-04.53.50:347][495]LogModuleManager: Shutting down and abandoning module SizeMap (192)
[2016.12.13-04.53.50:347][495]LogModuleManager: Shutting down and abandoning module TreeMap (191)
[2016.12.13-04.53.50:347][495]LogModuleManager: Shutting down and abandoning module ReferenceViewer (190)
[2016.12.13-04.53.50:347][495]LogModuleManager: Shutting down and abandoning module LocalizationService (189)
[2016.12.13-04.53.50:347][495]LogModuleManager: Shutting down and abandoning module LocalizationDashboard (188)
[2016.12.13-04.53.50:347][495]LogModuleManager: Shutting down and abandoning module HardwareTargeting (187)
[2016.12.13-04.53.50:347][495]LogModuleManager: Shutting down and abandoning module DeviceProfileEditor (186)
[2016.12.13-04.53.50:347][495]LogModuleManager: Shutting down and abandoning module UndoHistory (185)
[2016.12.13-04.53.50:347][495]LogModuleManager: Shutting down and abandoning module UserFeedback (184)
[2016.12.13-04.53.50:347][495]LogModuleManager: Shutting down and abandoning module XmlParser (183)
[2016.12.13-04.53.50:347][495]LogModuleManager: Shutting down and abandoning module Blutility (182)
[2016.12.13-04.53.50:347][495]LogModuleManager: Shutting down and abandoning module ProjectTargetPlatformEditor (181)
[2016.12.13-04.53.50:347][495]LogModuleManager: Shutting down and abandoning module ProjectSettingsViewer (180)
[2016.12.13-04.53.50:347][495]LogModuleManager: Shutting down and abandoning module EditorSettingsViewer (179)
[2016.12.13-04.53.50:347][495]LogModuleManager: Shutting down and abandoning module SettingsEditor (178)
[2016.12.13-04.53.50:347][495]LogModuleManager: Shutting down and abandoning module ProjectLauncher (177)
[2016.12.13-04.53.50:347][495]LogModuleManager: Shutting down and abandoning module SessionFrontend (176)
[2016.12.13-04.53.50:347][495]LogModuleManager: Shutting down and abandoning module ProfilerClient (175)
[2016.12.13-04.53.50:347][495]LogModuleManager: Shutting down and abandoning module TargetDeviceServices (174)
[2016.12.13-04.53.50:347][495]LogModuleManager: Shutting down and abandoning module DeviceManager (173)
[2016.12.13-04.53.50:388][495]LogModuleManager: Shutting down and abandoning module AutomationController (172)
[2016.12.13-04.53.50:388][495]LogModuleManager: Shutting down and abandoning module AutomationWindow (171)
[2016.12.13-04.53.50:388][495]LogModuleManager: Shutting down and abandoning module Layers (170)
[2016.12.13-04.53.50:388][495]LogModuleManager: Shutting down and abandoning module ComponentVisualizers (169)
[2016.12.13-04.53.50:388][495]LogModuleManager: Shutting down and abandoning module DetailCustomizations (168)
[2016.12.13-04.53.50:388][495]LogModuleManager: Shutting down and abandoning module PackagesDialog (167)
[2016.12.13-04.53.50:388][495]LogModuleManager: Shutting down and abandoning module AnimGraph (166)
[2016.12.13-04.53.50:388][495]LogModuleManager: Shutting down and abandoning module Persona (165)
[2016.12.13-04.53.50:388][495]LogModuleManager: Shutting down and abandoning module Kismet (164)
[2016.12.13-04.53.50:398][495]LogModuleManager: Shutting down and abandoning module GraphEditor (163)
[2016.12.13-04.53.50:398][495]LogModuleManager: Shutting down and abandoning module ClassViewer (162)
[2016.12.13-04.53.50:398][495]LogModuleManager: Shutting down and abandoning module Toolbox (161)
[2016.12.13-04.53.50:398][495]LogModuleManager: Shutting down and abandoning module ModuleUI (160)
[2016.12.13-04.53.50:398][495]LogModuleManager: Shutting down and abandoning module MovieSceneTools (159)
[2016.12.13-04.53.50:398][495]LogModuleManager: Shutting down and abandoning module OutputLog (158)
[2016.12.13-04.53.50:398][495]LogModuleManager: Shutting down and abandoning module GammaUI (157)
[2016.12.13-04.53.50:398][495]LogModuleManager: Shutting down and abandoning module Documentation (156)
[2016.12.13-04.53.50:398][495]LogModuleManager: Shutting down and abandoning module Niagara (155)
[2016.12.13-04.53.50:398][495]LogModuleManager: Shutting down and abandoning module StreamingPauseRendering (154)
[2016.12.13-04.53.50:398][495]LogModuleManager: Shutting down and abandoning module AnalyticsET (153)
[2016.12.13-04.53.50:398][495]LogModuleManager: Shutting down and abandoning module PortalServices (152)
[2016.12.13-04.53.50:398][495]LogModuleManager: Shutting down and abandoning module PortalRpc (151)
[2016.12.13-04.53.50:399][495]LogModuleManager: Shutting down and abandoning module MessagingRpc (150)
[2016.12.13-04.53.50:399][495]LogModuleManager: Shutting down and abandoning module GameplayDebugger (149)
[2016.12.13-04.53.50:399][495]LogModuleManager: Shutting down and abandoning module AITestSuite (148)
[2016.12.13-04.53.50:399][495]LogModuleManager: Shutting down and abandoning module AIModule (147)
[2016.12.13-04.53.50:399][495]LogModuleManager: Shutting down and abandoning module ProfilerService (146)
[2016.12.13-04.53.50:486][495]LogModuleManager: Shutting down and abandoning module TaskGraph (145)
[2016.12.13-04.53.50:486][495]LogModuleManager: Shutting down and abandoning module SlateRemote (144)
[2016.12.13-04.53.50:486][495]LogModuleManager: Shutting down and abandoning module SteamVRController (143)
[2016.12.13-04.53.50:486][495]LogModuleManager: Shutting down and abandoning module SteamVR (142)
[2016.12.13-04.53.50:486][495]LogModuleManager: Shutting down and abandoning module ProceduralMeshComponentEditor (141)
[2016.12.13-04.53.50:487][495]LogModuleManager: Shutting down and abandoning module ProceduralMeshComponent (140)
[2016.12.13-04.53.50:487][495]LogModuleManager: Shutting down and abandoning module OculusLibrary (139)
[2016.12.13-04.53.50:487][495]LogModuleManager: Shutting down and abandoning module OculusInput (138)
[2016.12.13-04.53.50:487][495]LogModuleManager: Shutting down and abandoning module MobilePatchingUtils (137)
[2016.12.13-04.53.50:487][495]LogModuleManager: Shutting down and abandoning module CustomMeshComponent (136)
[2016.12.13-04.53.50:487][495]LogModuleManager: Shutting down and abandoning module CableComponent (135)
[2016.12.13-04.53.50:487][495]LogModuleManager: Shutting down and abandoning module ArchVisCharacter (134)
[2016.12.13-04.53.50:487][495]LogModuleManager: Shutting down and abandoning module MediaPlayerEditor (132)
[2016.12.13-04.53.50:487][495]LogModuleManager: Shutting down and abandoning module HTML5Networking (131)
[2016.12.13-04.53.50:487][495]LogModuleManager: Shutting down and abandoning module GeometryCacheEd (130)
[2016.12.13-04.53.50:487][495]LogModuleManager: Shutting down and abandoning module GeometryCache (129)
[2016.12.13-04.53.50:487][495]LogModuleManager: Shutting down and abandoning module AlembicLibrary (128)
[2016.12.13-04.53.50:487][495]LogModuleManager: Shutting down and abandoning module AlembicImporter (127)
[2016.12.13-04.53.50:487][495]LogModuleManager: Shutting down and abandoning module SuperSearch (126)
[2016.12.13-04.53.50:487][495]LogModuleManager: Shutting down and abandoning module SuperSearchEditor (125)
[2016.12.13-04.53.50:487][495]LogModuleManager: Shutting down and abandoning module SpeedTreeImporter (124)
[2016.12.13-04.53.50:487][495]LogModuleManager: Shutting down and abandoning module PluginBrowser (123)
[2016.12.13-04.53.50:487][495]LogModuleManager: Shutting down and abandoning module MobileLauncherProfileWizard (122)
[2016.12.13-04.53.50:487][495]LogModuleManager: Shutting down and abandoning module EpicSurvey (121)
[2016.12.13-04.53.50:487][495]LogModuleManager: Shutting down and abandoning module DesktopPlatform (120)
[2016.12.13-04.53.50:487][495]LogModuleManager: Shutting down and abandoning module VisualStudioSourceCodeAccess (119)
[2016.12.13-04.53.50:487][495]LogModuleManager: Shutting down and abandoning module UObjectPlugin (118)
[2016.12.13-04.53.50:487][495]LogModuleManager: Shutting down and abandoning module SubversionSourceControl (117)
[2016.12.13-04.53.50:487][495]LogModuleManager: Shutting down and abandoning module PerforceSourceControl (116)
[2016.12.13-04.53.50:487][495]LogModuleManager: Shutting down and abandoning module SourceControl (115)
[2016.12.13-04.53.50:487][495]LogModuleManager: Shutting down and abandoning module GitSourceControl (114)
[2016.12.13-04.53.50:487][495]LogModuleManager: Shutting down and abandoning module LightPropagationVolumeEditor (113)
[2016.12.13-04.53.50:487][495]LogModuleManager: Shutting down and abandoning module PaperTiledImporter (112)
[2016.12.13-04.53.50:487][495]LogModuleManager: Shutting down and abandoning module PaperSpriteSheetImporter (111)
[2016.12.13-04.53.50:487][495]LogModuleManager: Shutting down and abandoning module MeshPaint (110)
[2016.12.13-04.53.50:487][495]LogModuleManager: Shutting down and abandoning module PixelInspectorModule (109)
[2016.12.13-04.53.50:487][495]LogModuleManager: Shutting down and abandoning module HotReload (108)
[2016.12.13-04.53.50:489][495]LogModuleManager: Shutting down and abandoning module MainFrame (107)
[2016.12.13-04.53.50:489][495]LogModuleManager: Shutting down and abandoning module LevelEditor (106)
[2016.12.13-04.53.50:490][495]LogModuleManager: Shutting down and abandoning module ContentBrowser (105)
[2016.12.13-04.53.50:491][495]LogModuleManager: Shutting down and abandoning module Paper2DEditor (104)
[2016.12.13-04.53.50:492][495]LogModuleManager: Shutting down and abandoning module UdpMessaging (103)
[2016.12.13-04.53.50:592][495]LogModuleManager: Shutting down and abandoning module TcpMessaging (102)
[2016.12.13-04.53.50:692][495]LogModuleManager: Shutting down and abandoning module LightPropagationVolumeRuntime (101)
[2016.12.13-04.53.50:692][495]LogModuleManager: Shutting down and abandoning module Paper2D (100)
[2016.12.13-04.53.50:692][495]LogModuleManager: Shutting down and abandoning module WindowsMoviePlayer (99)
[2016.12.13-04.53.50:692][495]LogModuleManager: Shutting down and abandoning module WmfMedia (98)
[2016.12.13-04.53.50:692][495]LogModuleManager: Shutting down and abandoning module MediaAssets (97)
[2016.12.13-04.53.50:692][495]LogModuleManager: Shutting down and abandoning module GameLiveStreaming (96)
[2016.12.13-04.53.50:693][495]LogModuleManager: Shutting down and abandoning module GameplayTagsEditor (95)
[2016.12.13-04.53.50:693][495]LogModuleManager: Shutting down and abandoning module VREditor (94)
[2016.12.13-04.53.50:693][495]LogModuleManager: Shutting down and abandoning module GameplayTasksEditor (93)
[2016.12.13-04.53.50:693][495]LogModuleManager: Shutting down and abandoning module BehaviorTreeEditor (92)
[2016.12.13-04.53.50:693][495]LogModuleManager: Shutting down and abandoning module FunctionalTesting (91)
[2016.12.13-04.53.50:693][495]LogModuleManager: Shutting down and abandoning module CollisionAnalyzer (90)
[2016.12.13-04.53.50:693][495]LogModuleManager: Shutting down and abandoning module Sequencer (89)
[2016.12.13-04.53.50:693][495]LogModuleManager: Shutting down and abandoning module WorkspaceMenuStructure (88)
[2016.12.13-04.53.50:693][495]LogModuleManager: Shutting down and abandoning module MessageLog (87)
[2016.12.13-04.53.50:693][495]LogModuleManager: Shutting down and abandoning module AssetTools (86)
[2016.12.13-04.53.50:693][495]LogModuleManager: Shutting down and abandoning module UMGEditor (85)
[2016.12.13-04.53.50:693][495]LogModuleManager: Shutting down and abandoning module UMG (84)
[2016.12.13-04.53.50:693][495]LogModuleManager: Shutting down and abandoning module SlateReflector (83)
[2016.12.13-04.53.50:693][495]LogModuleManager: Shutting down and abandoning module Slate (82)
[2016.12.13-04.53.50:693][495]LogModuleManager: Shutting down and abandoning module EditorStyle (81)
[2016.12.13-04.53.50:698][495]LogModuleManager: Shutting down and abandoning module SourceCodeAccess (80)
[2016.12.13-04.53.50:698][495]LogModuleManager: Shutting down and abandoning module HeadMountedDisplay (79)
[2016.12.13-04.53.50:698][495]LogModuleManager: Shutting down and abandoning module XAudio2 (78)
[2016.12.13-04.53.50:698][495]LogModuleManager: Shutting down and abandoning module Networking (76)
[2016.12.13-04.53.50:698][495]LogModuleManager: Shutting down and abandoning module Core (75)
[2016.12.13-04.53.50:698][495]LogModuleManager: Shutting down and abandoning module DirectoryWatcher (74)
[2016.12.13-04.53.50:698][495]LogDirectoryWatcher: A directory notification for '../../../Engine/Content/' was aborted.
[2016.12.13-04.53.50:698][495]LogDirectoryWatcher: A directory notification for '../../../../../../Projects/Unreal Projects/MenuHudProject/Content/' was aborted.
[2016.12.13-04.53.50:698][495]LogDirectoryWatcher: A directory notification for '../../../Engine/Plugins/2D/Paper2D/Content/' was aborted.
[2016.12.13-04.53.50:699][495]LogModuleManager: Shutting down and abandoning module AssetRegistry (73)
[2016.12.13-04.53.50:850][495]LogModuleManager: Shutting down and abandoning module KismetCompiler (72)
[2016.12.13-04.53.50:850][495]LogModuleManager: Shutting down and abandoning module PhysXFormats (71)
[2016.12.13-04.53.50:850][495]LogModuleManager: Shutting down and abandoning module SimplygonSwarm (70)
[2016.12.13-04.53.50:850][495]LogModuleManager: Shutting down and abandoning module SimplygonMeshReduction (69)
[2016.12.13-04.53.50:850][495]LogModuleManager: Shutting down and abandoning module QuadricMeshReduction (68)
[2016.12.13-04.53.50:850][495]LogModuleManager: Shutting down and abandoning module PropertyEditor (67)
[2016.12.13-04.53.50:909][495]LogModuleManager: Shutting down and abandoning module MeshUtilities (66)
[2016.12.13-04.53.50:909][495]LogModuleManager: Shutting down and abandoning module DerivedDataCache (65)
[2016.12.13-04.53.50:949][495]LogDerivedDataCache: Shutdown
[2016.12.13-04.53.50:949][495]LogModuleManager: Shutting down and abandoning module VulkanShaderFormat (64)
[2016.12.13-04.53.50:949][495]LogModuleManager: Shutting down and abandoning module ShaderFormatOpenGL (63)
[2016.12.13-04.53.50:949][495]LogModuleManager: Shutting down and abandoning module ShaderFormatD3D (62)
[2016.12.13-04.53.50:949][495]LogModuleManager: Shutting down and abandoning module MetalShaderFormat (61)
[2016.12.13-04.53.50:949][495]LogModuleManager: Shutting down and abandoning module TextureFormatUncompressed (60)
[2016.12.13-04.53.50:949][495]LogModuleManager: Shutting down and abandoning module TextureFormatPVR (59)
[2016.12.13-04.53.50:949][495]LogModuleManager: Shutting down and abandoning module TextureFormatDXT (58)
[2016.12.13-04.53.50:949][495]LogModuleManager: Shutting down and abandoning module TextureFormatIntelISPCTexComp (57)
[2016.12.13-04.53.50:950][495]LogModuleManager: Shutting down and abandoning module ImageWrapper (56)
[2016.12.13-04.53.50:950][495]LogModuleManager: Shutting down and abandoning module TextureFormatASTC (55)
[2016.12.13-04.53.50:950][495]LogModuleManager: Shutting down and abandoning module TextureFormatAndroid (54)
[2016.12.13-04.53.50:950][495]LogModuleManager: Shutting down and abandoning module AudioFormatOpus (53)
[2016.12.13-04.53.50:950][495]LogModuleManager: Shutting down and abandoning module AudioFormatOgg (52)
[2016.12.13-04.53.50:950][495]LogModuleManager: Shutting down and abandoning module AudioFormatADPCM (51)
[2016.12.13-04.53.50:950][495]LogModuleManager: Shutting down and abandoning module LinuxTargetPlatform (50)
[2016.12.13-04.53.50:950][495]LogModuleManager: Shutting down and abandoning module LinuxServerTargetPlatform (49)
[2016.12.13-04.53.50:950][495]LogModuleManager: Shutting down and abandoning module LinuxNoEditorTargetPlatform (48)
[2016.12.13-04.53.50:950][495]LogModuleManager: Shutting down and abandoning module LinuxClientTargetPlatform (47)
[2016.12.13-04.53.50:950][495]LogModuleManager: Shutting down and abandoning module TVOSTargetPlatform (46)
[2016.12.13-04.53.50:950][495]LogModuleManager: Shutting down and abandoning module Messaging (45)
[2016.12.13-04.53.50:950][495]LogModuleManager: Shutting down and abandoning module IOSTargetPlatform (44)
[2016.12.13-04.53.50:950][495]LogModuleManager: Shutting down and abandoning module HTML5TargetPlatform (43)
[2016.12.13-04.53.50:950][495]LogModuleManager: Shutting down and abandoning module Android_PVRTCTargetPlatform (42)
[2016.12.13-04.53.50:950][495]LogModuleManager: Shutting down and abandoning module Android_MultiTargetPlatform (41)
[2016.12.13-04.53.50:950][495]LogModuleManager: Shutting down and abandoning module Android_ETC2TargetPlatform (40)
[2016.12.13-04.53.50:950][495]LogModuleManager: Shutting down and abandoning module Android_ETC1TargetPlatform (39)
[2016.12.13-04.53.50:950][495]LogModuleManager: Shutting down and abandoning module Android_DXTTargetPlatform (38)
[2016.12.13-04.53.50:950][495]LogModuleManager: Shutting down and abandoning module Android_ATCTargetPlatform (37)
[2016.12.13-04.53.50:950][495]LogModuleManager: Shutting down and abandoning module Android_ASTCTargetPlatform (36)
[2016.12.13-04.53.50:950][495]LogModuleManager: Shutting down and abandoning module AndroidTargetPlatform (35)
[2016.12.13-04.53.50:950][495]LogModuleManager: Shutting down and abandoning module WindowsTargetPlatform (34)
[2016.12.13-04.53.50:950][495]LogModuleManager: Shutting down and abandoning module WindowsServerTargetPlatform (33)
[2016.12.13-04.53.50:950][495]LogModuleManager: Shutting down and abandoning module WindowsNoEditorTargetPlatform (32)
[2016.12.13-04.53.50:950][495]LogModuleManager: Shutting down and abandoning module WindowsClientTargetPlatform (31)
[2016.12.13-04.53.50:950][495]LogModuleManager: Shutting down and abandoning module MacTargetPlatform (30)
[2016.12.13-04.53.50:950][495]LogModuleManager: Shutting down and abandoning module MacServerTargetPlatform (29)
[2016.12.13-04.53.50:950][495]LogModuleManager: Shutting down and abandoning module MacNoEditorTargetPlatform (28)
[2016.12.13-04.53.50:950][495]LogModuleManager: Shutting down and abandoning module MacClientTargetPlatform (27)
[2016.12.13-04.53.50:950][495]LogModuleManager: Shutting down and abandoning module AllDesktopTargetPlatform (26)
[2016.12.13-04.53.50:950][495]LogModuleManager: Shutting down and abandoning module TargetPlatform (25)
[2016.12.13-04.53.50:950][495]LogModuleManager: Shutting down and abandoning module InputCore (24)
[2016.12.13-04.53.50:950][495]LogModuleManager: Shutting down and abandoning module Settings (23)
[2016.12.13-04.53.50:951][495]LogModuleManager: Shutting down and abandoning module OculusRift (22)
[2016.12.13-04.53.50:951][495]LogModuleManager: Shutting down and abandoning module ExampleDeviceProfileSelector (21)
[2016.12.13-04.53.50:951][495]LogModuleManager: Shutting down and abandoning module OnlineBlueprintSupport (20)
[2016.12.13-04.53.50:951][495]LogModuleManager: Shutting down and abandoning module OnlineSubsystem (18)
[2016.12.13-04.53.50:951][495]LogOnline:Display: Unloading online subsystem: NULL
[2016.12.13-04.53.50:951][495]LogModuleManager: Shutting down and abandoning module SSL (17)
[2016.12.13-04.53.50:953][495]LogModuleManager: Shutting down and abandoning module HTTP (16)
[2016.12.13-04.53.50:953][495]LogModuleManager: Shutting down and abandoning module XMPP (15)
[2016.12.13-04.53.50:953][495]LogModuleManager: Shutting down and abandoning module TextureCompressor (14)
[2016.12.13-04.53.50:953][495]LogModuleManager: Shutting down and abandoning module ShaderCore (13)
[2016.12.13-04.53.50:953][495]LogModuleManager: Shutting down and abandoning module Landscape (12)
[2016.12.13-04.53.50:953][495]LogModuleManager: Shutting down and abandoning module SlateRHIRenderer (11)
[2016.12.13-04.53.50:956][495]LogModuleManager: Shutting down and abandoning module OpenGLDrv (10)
[2016.12.13-04.53.50:956][495]LogModuleManager: Shutting down and abandoning module D3D11RHI (9)
[2016.12.13-04.53.50:956][495]LogModuleManager: Shutting down and abandoning module AnimGraphRuntime (8)
[2016.12.13-04.53.50:956][495]LogModuleManager: Shutting down and abandoning module Renderer (7)
[2016.12.13-04.53.50:956][495]LogModuleManager: Shutting down and abandoning module Engine (6)
[2016.12.13-04.53.50:956][495]LogModuleManager: Shutting down and abandoning module CoreUObject (5)
[2016.12.13-04.53.50:956][495]LogModuleManager: Shutting down and abandoning module NetworkFile (4)
[2016.12.13-04.53.50:956][495]LogModuleManager: Shutting down and abandoning module StreamingFile (3)
[2016.12.13-04.53.50:956][495]LogModuleManager: Shutting down and abandoning module SandboxFile (2)
[2016.12.13-04.53.50:956][495]LogModuleManager: Shutting down and abandoning module PakFile (1)
[2016.12.13-04.53.50:959][495]LogExit: Exiting.
[2016.12.13-04.53.50:975][495]Log file closed, 12/12/16 20:53:50
