Log file open, 12/14/16 22:42:26
LogInit:Display: Running engine for game: MenuHudProject
LogPlatformFile: Not using cached read wrapper
LogInit:Display: RandInit(-1484511685) SRandInit(-1484511684).
LogTaskGraph: Started task graph with 5 named threads and 8 total threads with 1 sets of task threads.
LogStats: Stats thread started at 0.071970
LogPluginManager: Loaded Plugin Paper2D, From C:/Program Files (x86)/Epic Games/4.14/Engine/Plugins/2D/Paper2D/Paper2D.uplugin
LogPluginManager: Loaded Plugin LightPropagationVolume, From C:/Program Files (x86)/Epic Games/4.14/Engine/Plugins/Blendables/LightPropagationVolume/LightPropagationVolume.uplugin
LogPluginManager: Loaded Plugin BlankPlugin, From C:/Program Files (x86)/Epic Games/4.14/Engine/Plugins/Developer/BlankPlugin/BlankPlugin.uplugin
LogPluginManager: Loaded Plugin CodeLiteSourceCodeAccess, From C:/Program Files (x86)/Epic Games/4.14/Engine/Plugins/Developer/CodeLiteSourceCodeAccess/CodeLiteSourceCodeAccess.uplugin
LogPluginManager: Loaded Plugin GitSourceControl, From C:/Program Files (x86)/Epic Games/4.14/Engine/Plugins/Developer/GitSourceControl/GitSourceControl.uplugin
LogPluginManager: Loaded Plugin KDevelopSourceCodeAccess, From C:/Program Files (x86)/Epic Games/4.14/Engine/Plugins/Developer/KDevelopSourceCodeAccess/KDevelopSourceCodeAccess.uplugin
LogPluginManager: Loaded Plugin NullSourceCodeAccess, From C:/Program Files (x86)/Epic Games/4.14/Engine/Plugins/Developer/NullSourceCodeAccess/NullSourceCodeAccess.uplugin
LogPluginManager: Loaded Plugin OneSkyLocalizationService, From C:/Program Files (x86)/Epic Games/4.14/Engine/Plugins/Developer/OneSkyLocalizationService/OneSkyLocalizationService.uplugin
LogPluginManager: Loaded Plugin PerforceSourceControl, From C:/Program Files (x86)/Epic Games/4.14/Engine/Plugins/Developer/PerforceSourceControl/PerforceSourceControl.uplugin
LogPluginManager: Loaded Plugin SubversionSourceControl, From C:/Program Files (x86)/Epic Games/4.14/Engine/Plugins/Developer/SubversionSourceControl/SubversionSourceControl.uplugin
LogPluginManager: Loaded Plugin UObjectPlugin, From C:/Program Files (x86)/Epic Games/4.14/Engine/Plugins/Developer/UObjectPlugin/UObjectPlugin.uplugin
LogPluginManager: Loaded Plugin VisualStudioSourceCodeAccess, From C:/Program Files (x86)/Epic Games/4.14/Engine/Plugins/Developer/VisualStudioSourceCodeAccess/VisualStudioSourceCodeAccess.uplugin
LogPluginManager: Loaded Plugin XCodeSourceCodeAccess, From C:/Program Files (x86)/Epic Games/4.14/Engine/Plugins/Developer/XCodeSourceCodeAccess/XCodeSourceCodeAccess.uplugin
LogPluginManager: Loaded Plugin AudioCapture, From C:/Program Files (x86)/Epic Games/4.14/Engine/Plugins/Editor/AudioCapture/AudioCapture.uplugin
LogPluginManager: Loaded Plugin EpicSurvey, From C:/Program Files (x86)/Epic Games/4.14/Engine/Plugins/Editor/EpicSurvey/EpicSurvey.uplugin
LogPluginManager: Loaded Plugin MacGraphicsSwitching, From C:/Program Files (x86)/Epic Games/4.14/Engine/Plugins/Editor/MacGraphicsSwitching/MacGraphicsSwitching.uplugin
LogPluginManager: Loaded Plugin MobileLauncherProfileWizard, From C:/Program Files (x86)/Epic Games/4.14/Engine/Plugins/Editor/MobileLauncherProfileWizard/MobileLauncherProfileWizard.uplugin
LogPluginManager: Loaded Plugin PluginBrowser, From C:/Program Files (x86)/Epic Games/4.14/Engine/Plugins/Editor/PluginBrowser/PluginBrowser.uplugin
LogPluginManager: Loaded Plugin SpeedTreeImporter, From C:/Program Files (x86)/Epic Games/4.14/Engine/Plugins/Editor/SpeedTreeImporter/SpeedTreeImporter.uplugin
LogPluginManager: Loaded Plugin SuperSearchEditor, From C:/Program Files (x86)/Epic Games/4.14/Engine/Plugins/Editor/SuperSearchEditor/SuperSearchEditor.uplugin
LogPluginManager: Loaded Plugin AlembicImporter, From C:/Program Files (x86)/Epic Games/4.14/Engine/Plugins/Experimental/AlembicImporter/AlembicImporter.uplugin
LogPluginManager: Loaded Plugin BlueprintStats, From C:/Program Files (x86)/Epic Games/4.14/Engine/Plugins/Experimental/BlueprintStats/BlueprintStats.uplugin
LogPluginManager: Loaded Plugin CharacterAI, From C:/Program Files (x86)/Epic Games/4.14/Engine/Plugins/Experimental/CharacterAI/CharacterAI.uplugin
LogPluginManager: Loaded Plugin CodeEditor, From C:/Program Files (x86)/Epic Games/4.14/Engine/Plugins/Experimental/CodeEditor/CodeEditor.uplugin
LogPluginManager: Loaded Plugin CodeView, From C:/Program Files (x86)/Epic Games/4.14/Engine/Plugins/Experimental/CodeView/CodeView.uplugin
LogPluginManager: Loaded Plugin HTML5Networking, From C:/Program Files (x86)/Epic Games/4.14/Engine/Plugins/Experimental/HTML5Networking/HTML5Networking.uplugin
LogPluginManager: Loaded Plugin OSVR, From C:/Program Files (x86)/Epic Games/4.14/Engine/Plugins/Experimental/OSVR/OSVR.uplugin
LogPluginManager: Loaded Plugin Phya, From C:/Program Files (x86)/Epic Games/4.14/Engine/Plugins/Experimental/Phya/Phya.uplugin
LogPluginManager: Loaded Plugin SignificanceManager, From C:/Program Files (x86)/Epic Games/4.14/Engine/Plugins/Experimental/SignificanceManager/SignificanceManager.uplugin
LogPluginManager: Loaded Plugin SimpleHMD, From C:/Program Files (x86)/Epic Games/4.14/Engine/Plugins/Experimental/SimpleHMD/SimpleHMD.uplugin
LogPluginManager: Loaded Plugin StereoPanorama, From C:/Program Files (x86)/Epic Games/4.14/Engine/Plugins/Experimental/StereoPanorama/StereoPanorama.uplugin
LogPluginManager: Loaded Plugin StructBox, From C:/Program Files (x86)/Epic Games/4.14/Engine/Plugins/Experimental/StructBox/StructBox.uplugin
LogPluginManager: Loaded Plugin AndroidMedia, From C:/Program Files (x86)/Epic Games/4.14/Engine/Plugins/Media/AndroidMedia/AndroidMedia.uplugin
LogPluginManager: Loaded Plugin AvfMedia, From C:/Program Files (x86)/Epic Games/4.14/Engine/Plugins/Media/AvfMedia/AvfMedia.uplugin
LogPluginManager: Loaded Plugin MediaPlayerEditor, From C:/Program Files (x86)/Epic Games/4.14/Engine/Plugins/Media/MediaPlayerEditor/MediaPlayerEditor.uplugin
LogPluginManager: Loaded Plugin WmfMedia, From C:/Program Files (x86)/Epic Games/4.14/Engine/Plugins/Media/WmfMedia/WmfMedia.uplugin
LogPluginManager: Loaded Plugin MessagingDebugger, From C:/Program Files (x86)/Epic Games/4.14/Engine/Plugins/Messaging/MessagingDebugger/MessagingDebugger.uplugin
LogPluginManager: Loaded Plugin TcpMessaging, From C:/Program Files (x86)/Epic Games/4.14/Engine/Plugins/Messaging/TcpMessaging/TcpMessaging.uplugin
LogPluginManager: Loaded Plugin UdpMessaging, From C:/Program Files (x86)/Epic Games/4.14/Engine/Plugins/Messaging/UdpMessaging/UdpMessaging.uplugin
LogPluginManager: Loaded Plugin LevelSequenceEditor, From C:/Program Files (x86)/Epic Games/4.14/Engine/Plugins/MovieScene/LevelSequenceEditor/LevelSequenceEditor.uplugin
LogPluginManager: Loaded Plugin MatineeToLevelSequence, From C:/Program Files (x86)/Epic Games/4.14/Engine/Plugins/MovieScene/MatineeToLevelSequence/MatineeToLevelSequence.uplugin
LogPluginManager: Loaded Plugin NetcodeUnitTest, From C:/Program Files (x86)/Epic Games/4.14/Engine/Plugins/NetcodeUnitTest/NetcodeUnitTest/NetcodeUnitTest.uplugin
LogPluginManager: Loaded Plugin NUTUnrealEngine4, From C:/Program Files (x86)/Epic Games/4.14/Engine/Plugins/NetcodeUnitTest/NUTUnrealEngine4/NUTUnrealEngine4.uplugin
LogPluginManager: Loaded Plugin OnlineSubsystemGameCircle, From C:/Program Files (x86)/Epic Games/4.14/Engine/Plugins/Online/Android/OnlineSubsystemGameCircle/OnlineSubsystemGameCircle.uplugin
LogPluginManager: Loaded Plugin OnlineSubsystemGooglePlay, From C:/Program Files (x86)/Epic Games/4.14/Engine/Plugins/Online/Android/OnlineSubsystemGooglePlay/OnlineSubsystemGooglePlay.uplugin
LogPluginManager: Loaded Plugin OnlineSubsystemIOS, From C:/Program Files (x86)/Epic Games/4.14/Engine/Plugins/Online/IOS/OnlineSubsystemIOS/OnlineSubsystemIOS.uplugin
LogPluginManager: Loaded Plugin OnlineFramework, From C:/Program Files (x86)/Epic Games/4.14/Engine/Plugins/Online/OnlineFramework/OnlineFramework.uplugin
LogPluginManager: Loaded Plugin OnlineSubsystem, From C:/Program Files (x86)/Epic Games/4.14/Engine/Plugins/Online/OnlineSubsystem/OnlineSubsystem.uplugin
LogPluginManager: Loaded Plugin OnlineSubsystemAmazon, From C:/Program Files (x86)/Epic Games/4.14/Engine/Plugins/Online/OnlineSubsystemAmazon/OnlineSubsystemAmazon.uplugin
LogPluginManager: Loaded Plugin OnlineSubsystemFacebook, From C:/Program Files (x86)/Epic Games/4.14/Engine/Plugins/Online/OnlineSubsystemFacebook/OnlineSubsystemFacebook.uplugin
LogPluginManager: Loaded Plugin OnlineSubsystemNull, From C:/Program Files (x86)/Epic Games/4.14/Engine/Plugins/Online/OnlineSubsystemNull/OnlineSubsystemNull.uplugin
LogPluginManager: Loaded Plugin OnlineSubsystemOculus, From C:/Program Files (x86)/Epic Games/4.14/Engine/Plugins/Online/OnlineSubsystemOculus/OnlineSubsystemOculus.uplugin
LogPluginManager: Loaded Plugin OnlineSubsystemSteam, From C:/Program Files (x86)/Epic Games/4.14/Engine/Plugins/Online/OnlineSubsystemSteam/OnlineSubsystemSteam.uplugin
LogPluginManager: Loaded Plugin OnlineSubsystemUtils, From C:/Program Files (x86)/Epic Games/4.14/Engine/Plugins/Online/OnlineSubsystemUtils/OnlineSubsystemUtils.uplugin
LogPluginManager: Loaded Plugin IOSTapJoy, From C:/Program Files (x86)/Epic Games/4.14/Engine/Plugins/Runtime/Advertising/IOSTapJoy/IOSTapJoy.uplugin
LogPluginManager: Loaded Plugin AnalyticsBlueprintLibrary, From C:/Program Files (x86)/Epic Games/4.14/Engine/Plugins/Runtime/Analytics/AnalyticsBlueprintLibrary/AnalyticsBlueprintLibrary.uplugin
LogPluginManager: Loaded Plugin AnalyticsMulticast, From C:/Program Files (x86)/Epic Games/4.14/Engine/Plugins/Runtime/Analytics/AnalyticsMulticast/AnalyticsMulticast.uplugin
LogPluginManager: Loaded Plugin Apsalar, From C:/Program Files (x86)/Epic Games/4.14/Engine/Plugins/Runtime/Analytics/Apsalar/Apsalar.uplugin
LogPluginManager: Loaded Plugin FileLogging, From C:/Program Files (x86)/Epic Games/4.14/Engine/Plugins/Runtime/Analytics/FileLogging/FileLogging.uplugin
LogPluginManager: Loaded Plugin Flurry, From C:/Program Files (x86)/Epic Games/4.14/Engine/Plugins/Runtime/Analytics/Flurry/Flurry.uplugin
LogPluginManager: Loaded Plugin AndroidDeviceProfileSelector, From C:/Program Files (x86)/Epic Games/4.14/Engine/Plugins/Runtime/AndroidDeviceProfileSelector/AndroidDeviceProfileSelector.uplugin
LogPluginManager: Loaded Plugin AndroidMoviePlayer, From C:/Program Files (x86)/Epic Games/4.14/Engine/Plugins/Runtime/AndroidMoviePlayer/AndroidMoviePlayer.uplugin
LogPluginManager: Loaded Plugin AppleMoviePlayer, From C:/Program Files (x86)/Epic Games/4.14/Engine/Plugins/Runtime/AppleMoviePlayer/AppleMoviePlayer.uplugin
LogPluginManager: Loaded Plugin ArchVisCharacter, From C:/Program Files (x86)/Epic Games/4.14/Engine/Plugins/Runtime/ArchVisCharacter/ArchVisCharacter.uplugin
LogPluginManager: Loaded Plugin CableComponent, From C:/Program Files (x86)/Epic Games/4.14/Engine/Plugins/Runtime/CableComponent/CableComponent.uplugin
LogPluginManager: Loaded Plugin CustomMeshComponent, From C:/Program Files (x86)/Epic Games/4.14/Engine/Plugins/Runtime/CustomMeshComponent/CustomMeshComponent.uplugin
LogPluginManager: Loaded Plugin ExampleDeviceProfileSelector, From C:/Program Files (x86)/Epic Games/4.14/Engine/Plugins/Runtime/ExampleDeviceProfileSelector/ExampleDeviceProfileSelector.uplugin
LogPluginManager: Loaded Plugin GearVR, From C:/Program Files (x86)/Epic Games/4.14/Engine/Plugins/Runtime/GearVR/GearVR.uplugin
LogPluginManager: Loaded Plugin GoogleVRController, From C:/Program Files (x86)/Epic Games/4.14/Engine/Plugins/Runtime/GoogleVR/GoogleVRController/GoogleVRController.uplugin
LogPluginManager: Loaded Plugin GoogleVRHMD, From C:/Program Files (x86)/Epic Games/4.14/Engine/Plugins/Runtime/GoogleVR/GoogleVRHMD/GoogleVRHMD.uplugin
LogPluginManager: Loaded Plugin IOSDeviceProfileSelector, From C:/Program Files (x86)/Epic Games/4.14/Engine/Plugins/Runtime/IOSDeviceProfileSelector/IOSDeviceProfileSelector.uplugin
LogPluginManager: Loaded Plugin LeapMotion, From C:/Program Files (x86)/Epic Games/4.14/Engine/Plugins/Runtime/LeapMotion/LeapMotion.uplugin
LogPluginManager: Loaded Plugin LinuxDeviceProfileSelector, From C:/Program Files (x86)/Epic Games/4.14/Engine/Plugins/Runtime/LinuxDeviceProfileSelector/LinuxDeviceProfileSelector.uplugin
LogPluginManager: Loaded Plugin MIDIDevice, From C:/Program Files (x86)/Epic Games/4.14/Engine/Plugins/Runtime/MIDIDevice/MIDIDevice.uplugin
LogPluginManager: Loaded Plugin MobilePatchingUtils, From C:/Program Files (x86)/Epic Games/4.14/Engine/Plugins/Runtime/MobilePatchingUtils/MobilePatchingUtils.uplugin
LogPluginManager: Loaded Plugin Ansel, From C:/Program Files (x86)/Epic Games/4.14/Engine/Plugins/Runtime/Nvidia/Ansel/Ansel.uplugin
LogPluginManager: Loaded Plugin OculusAudio, From C:/Program Files (x86)/Epic Games/4.14/Engine/Plugins/Runtime/OculusAudio/OculusAudio.uplugin
LogPluginManager: Loaded Plugin OculusInput, From C:/Program Files (x86)/Epic Games/4.14/Engine/Plugins/Runtime/OculusInput/OculusInput.uplugin
LogPluginManager: Loaded Plugin OculusLibrary, From C:/Program Files (x86)/Epic Games/4.14/Engine/Plugins/Runtime/OculusLibrary/OculusLibrary.uplugin
LogPluginManager: Loaded Plugin OculusRift, From C:/Program Files (x86)/Epic Games/4.14/Engine/Plugins/Runtime/OculusRift/OculusRift.uplugin
LogPluginManager: Loaded Plugin Oodle, From C:/Program Files (x86)/Epic Games/4.14/Engine/Plugins/Runtime/PacketHandlers/CompressionComponents/Oodle/Oodle.uplugin
LogPluginManager: Loaded Plugin ProceduralMeshComponent, From C:/Program Files (x86)/Epic Games/4.14/Engine/Plugins/Runtime/ProceduralMeshComponent/ProceduralMeshComponent.uplugin
LogPluginManager: Loaded Plugin SoundMod, From C:/Program Files (x86)/Epic Games/4.14/Engine/Plugins/Runtime/SoundMod/SoundMod.uplugin
LogPluginManager: Loaded Plugin SoundVisualizations, From C:/Program Files (x86)/Epic Games/4.14/Engine/Plugins/Runtime/SoundVisualizations/SoundVisualizations.uplugin
LogPluginManager: Loaded Plugin SteamController, From C:/Program Files (x86)/Epic Games/4.14/Engine/Plugins/Runtime/Steam/SteamController/SteamController.uplugin
LogPluginManager: Loaded Plugin SteamVR, From C:/Program Files (x86)/Epic Games/4.14/Engine/Plugins/Runtime/Steam/SteamVR/SteamVR.uplugin
LogPluginManager: Loaded Plugin WebBrowserWidget, From C:/Program Files (x86)/Epic Games/4.14/Engine/Plugins/Runtime/WebBrowserWidget/WebBrowserWidget.uplugin
LogPluginManager: Loaded Plugin WindowsDeviceProfileSelector, From C:/Program Files (x86)/Epic Games/4.14/Engine/Plugins/Runtime/WindowsDeviceProfileSelector/WindowsDeviceProfileSelector.uplugin
LogPluginManager: Loaded Plugin WindowsMoviePlayer, From C:/Program Files (x86)/Epic Games/4.14/Engine/Plugins/Runtime/WindowsMoviePlayer/WindowsMoviePlayer.uplugin
LogPluginManager: Loaded Plugin ScriptPlugin, From C:/Program Files (x86)/Epic Games/4.14/Engine/Plugins/ScriptPlugin/ScriptPlugin.uplugin
LogPluginManager: Loaded Plugin SlateRemote, From C:/Program Files (x86)/Epic Games/4.14/Engine/Plugins/Slate/SlateRemote/SlateRemote.uplugin
LogPluginManager: Loaded Plugin EditorTests, From C:/Program Files (x86)/Epic Games/4.14/Engine/Plugins/Tests/EditorTests/EditorTests.uplugin
LogPluginManager: Loaded Plugin FbxAutomationTestBuilder, From C:/Program Files (x86)/Epic Games/4.14/Engine/Plugins/Tests/FbxAutomationTestBuilder/FbxAutomationTestBuilder.uplugin
LogPluginManager: Loaded Plugin FunctionalTestingEditor, From C:/Program Files (x86)/Epic Games/4.14/Engine/Plugins/Tests/FunctionalTestingEditor/FunctionalTestingEditor.uplugin
LogPluginManager: Loaded Plugin RuntimeTests, From C:/Program Files (x86)/Epic Games/4.14/Engine/Plugins/Tests/RuntimeTests/RuntimeTests.uplugin
LogPluginManager: Loaded Plugin ScreenshotTools, From C:/Program Files (x86)/Epic Games/4.14/Engine/Plugins/Tests/ScreenshotTools/ScreenshotTools.uplugin
LogInit: Using libcurl 7.47.1
LogInit:  - built for x86_64-pc-win32
LogInit:  - supports SSL with OpenSSL/1.0.2g
LogInit:  - supports HTTP deflate (compression) using libz 1.2.8
LogInit:  - other features:
LogInit:      CURL_VERSION_SSL
LogInit:      CURL_VERSION_LIBZ
LogInit:      CURL_VERSION_IPV6
LogInit:      CURL_VERSION_ASYNCHDNS
LogInit:      CURL_VERSION_LARGEFILE
LogInit:      CURL_VERSION_IDN
LogInit:  CurlRequestOptions (configurable via config and command line):
LogInit:  - bVerifyPeer = false  - Libcurl will NOT verify peer certificate
LogInit:  - bUseHttpProxy = false  - Libcurl will NOT use HTTP proxy
LogInit:  - bDontReuseConnections = false  - Libcurl will reuse connections
LogInit:  - CertBundlePath = nullptr  - Libcurl will use whatever was configured at build time.
LogInit: Build: ++UE4+Release-4.14-CL-3195953
LogInit: Engine Version: 4.14.0-3195953+++UE4+Release-4.14
LogInit: Compatible Engine Version: 4.14.0-3195953+++UE4+Release-4.14
LogInit: Net CL: 3195953
LogDevObjectVersion: Number of dev versions registered: 13
LogDevObjectVersion:   Dev-Blueprints (B0D832E4-1F89-4F0D-ACCF-7EB736FD4AA2): 7
LogDevObjectVersion:   Dev-Build (E1C64328-A22C-4D53-A36C-8E866417BD8C): 0
LogDevObjectVersion:   Dev-Core (375EC13C-06E4-48FB-B500-84F0262A717E): 1
LogDevObjectVersion:   Dev-Editor (E4B068ED-F494-42E9-A231-DA0B2E46BB41): 8
LogDevObjectVersion:   Dev-Framework (CFFC743F-43B0-4480-9391-14DF171D2073): 17
LogDevObjectVersion:   Dev-Mobile (B02B49B5-BB20-44E9-A304-32B752E40360): 0
LogDevObjectVersion:   Dev-Networking (A4E4105C-59A1-49B5-A7C5-40C4547EDFEE): 0
LogDevObjectVersion:   Dev-Online (39C831C9-5AE6-47DC-9A44-9C173E1C8E7C): 0
LogDevObjectVersion:   Dev-Physics (78F01B33-EBEA-4F98-B9B4-84EACCB95AA2): 0
LogDevObjectVersion:   Dev-Platform (6631380F-2D4D-43E0-8009-CF276956A95A): 0
LogDevObjectVersion:   Dev-Rendering (12F88B9F-8875-4AFC-A67C-D90C383ABD29): 12
LogDevObjectVersion:   Dev-Sequencer (7B5AE74C-D270-4C10-A958-57980B212A5A): 1
LogDevObjectVersion:   Dev-VR (D7296918-1DD6-4BDD-9DE2-64A83CC13884): 0
LogInit: Compiled (64-bit): Nov 12 2016 02:14:10
LogInit: Compiled with Visual C++: 19.00.23026.00
LogInit: Build Configuration: Development
LogInit: Branch Name: ++UE4+Release-4.14
LogInit: Command line: 
LogInit: Base directory: C:/Program Files (x86)/Epic Games/4.14/Engine/Binaries/Win64/
LogInit: Installed Engine Build: 1
LogInit: Presizing for max 8388607 objects, including 0 objects not considered by GC, pre-allocating 0 bytes for permanent pool.
LogInit: Object subsystem initialized
[2016.12.15-06.42.26:456][  0]LogInit: Selected Device Profile: [Windows]
[2016.12.15-06.42.26:456][  0]LogInit: Applying CVar settings loaded from the selected device profile: [Windows]
[2016.12.15-06.42.26:480][  0]LogInit: Computer: DELL_7010
[2016.12.15-06.42.26:480][  0]LogInit: User: Michael
[2016.12.15-06.42.26:480][  0]LogInit: CPU Page size=65536, Cores=4
[2016.12.15-06.42.26:480][  0]LogInit: High frequency timer resolution =3.312861 MHz
[2016.12.15-06.42.26:481][  0]LogMemory: Memory total: Physical=8.0GB (8GB approx)
[2016.12.15-06.42.26:481][  0]LogMemory: Platform Memory Stats for Windows
[2016.12.15-06.42.26:481][  0]LogMemory: Process Physical Memory: 266.82 MB used, 266.82 MB peak
[2016.12.15-06.42.26:481][  0]LogMemory: Process Virtual Memory: 265.57 MB used, 265.57 MB peak
[2016.12.15-06.42.26:481][  0]LogMemory: Physical Memory: 2803.06 MB used,  5343.48 MB free, 8146.54 MB total
[2016.12.15-06.42.26:481][  0]LogMemory: Virtual Memory: 664.99 MB used,  5343.48 MB free, 8388608.00 MB total
[2016.12.15-06.42.26:508][  0]LogTextLocalizationManager: No specific translations for ('en-US') exist, so ('en') translations will be used.
[2016.12.15-06.42.27:098][  0]LogD3D11RHI: D3D11 adapters:
[2016.12.15-06.42.27:104][  0]LogD3D11RHI:    0. 'AMD Radeon HD 7000 series' (Feature Level 11_0)
[2016.12.15-06.42.27:105][  0]LogD3D11RHI:       1008/0/3817 MB DedicatedVideo/DedicatedSystem/SharedSystem, Outputs:1, VendorId:0x1002
[2016.12.15-06.42.27:110][  0]LogD3D11RHI:    1. 'AMD Radeon HD 7000 series' (Feature Level 11_0)
[2016.12.15-06.42.27:110][  0]LogD3D11RHI:       1008/0/3817 MB DedicatedVideo/DedicatedSystem/SharedSystem, Outputs:1, VendorId:0x1002
[2016.12.15-06.42.27:110][  0]LogD3D11RHI: Chosen D3D11 Adapter: 0
[2016.12.15-06.42.27:114][  0]LogD3D11RHI: Creating new Direct3DDevice
[2016.12.15-06.42.27:114][  0]LogD3D11RHI:     GPU DeviceId: 0x6778 (for the marketing name, search the web for "GPU Device Id")
[2016.12.15-06.42.27:114][  0]LogWindows: EnumDisplayDevices:
[2016.12.15-06.42.27:114][  0]LogWindows:    0. 'AMD Radeon HD 7000 series' (P:1 D:1)
[2016.12.15-06.42.27:114][  0]LogWindows:    1. 'AMD Radeon HD 7000 series' (P:0 D:0)
[2016.12.15-06.42.27:114][  0]LogWindows:    2. 'AMD Radeon HD 7000 series' (P:0 D:0)
[2016.12.15-06.42.27:114][  0]LogWindows:    3. 'AMD Radeon HD 7000 series' (P:0 D:0)
[2016.12.15-06.42.27:115][  0]LogWindows:    4. 'AMD Radeon HD 7000 series' (P:0 D:1)
[2016.12.15-06.42.27:115][  0]LogWindows:    5. 'AMD Radeon HD 7000 series' (P:0 D:0)
[2016.12.15-06.42.27:115][  0]LogWindows:    6. 'AMD Radeon HD 7000 series' (P:0 D:0)
[2016.12.15-06.42.27:115][  0]LogWindows:    7. 'AMD Radeon HD 7000 series' (P:0 D:0)
[2016.12.15-06.42.27:115][  0]LogWindows:    8. 'RDPDD Chained DD' (P:0 D:0)
[2016.12.15-06.42.27:115][  0]LogWindows:    9. 'RDP Encoder Mirror Driver' (P:0 D:0)
[2016.12.15-06.42.27:116][  0]LogWindows:    10. 'RDP Reflector Display Driver' (P:0 D:0)
[2016.12.15-06.42.27:116][  0]LogWindows: DebugString: PrimaryIsNotTheChoosenAdapter PrimaryIsNotTheChoosenAdapter PrimaryIsNotTheChoosenAdapter PrimaryIsNotTheChoosenAdapter PrimaryIsNotTheChoosenAdapter PrimaryIsNotTheChoosenAdapter PrimaryIsNotTheChoosenAdapter PrimaryIsNotTheChoosenAdapter GetVideoDriverDetailsInvalid PrimaryIsNotTheChoosenAdapter GetVideoDriverDetailsInvalid PrimaryIsNotTheChoosenAdapter GetVideoDriverDetailsInvalid PrimaryIsNotTheChoosenAdapter FoundDriverCount:0 
[2016.12.15-06.42.27:116][  0]LogD3D11RHI:     Adapter Name: AMD Radeon HD 7000 series
[2016.12.15-06.42.27:116][  0]LogD3D11RHI:   Driver Version: Unknown (internal:Unknown, unified:Unknown)
[2016.12.15-06.42.27:116][  0]LogD3D11RHI:      Driver Date: Unknown
[2016.12.15-06.42.27:116][  0]LogRHI: Texture pool is 706 MB (70% of 1008 MB)
[2016.12.15-06.42.27:120][  0]LogD3D11RHI: Async texture creation enabled
[2016.12.15-06.42.27:133][  0]LogD3D11RHI: GPU Timing Frequency: 27.000000 (Debug: 2 1)
[2016.12.15-06.42.27:133][  0]LogShaderCompilers: Guid format shader working directory is -8 characters bigger than the processId version (../../../../../../Projects/Unreal Projects/MenuHudProject/Intermediate/Shaders/WorkingDirectory/312/).
[2016.12.15-06.42.27:133][  0]LogShaderCompilers: Cleaned the shader compiler working directory 'C:/Users/Michael/AppData/Local/Temp/UnrealShaderWorkingDir/340F4AE240A7886C317AAEB1D17CECD3/'.
[2016.12.15-06.42.27:133][  0]LogShaderCompilers:Display: Using Local Shader Compiler.
[2016.12.15-06.42.28:128][  0]LogTemp:Display: Loaded TP AllDesktopTargetPlatform
[2016.12.15-06.42.28:185][  0]LogTemp:Display: Loaded TP MacClientTargetPlatform
[2016.12.15-06.42.28:242][  0]LogTemp:Display: Loaded TP MacNoEditorTargetPlatform
[2016.12.15-06.42.28:299][  0]LogTemp:Display: Loaded TP MacServerTargetPlatform
[2016.12.15-06.42.28:356][  0]LogTemp:Display: Loaded TP MacTargetPlatform
[2016.12.15-06.42.28:412][  0]LogTemp:Display: Loaded TP WindowsClientTargetPlatform
[2016.12.15-06.42.28:469][  0]LogTemp:Display: Loaded TP WindowsNoEditorTargetPlatform
[2016.12.15-06.42.28:526][  0]LogTemp:Display: Loaded TP WindowsServerTargetPlatform
[2016.12.15-06.42.28:572][  0]LogTemp:Display: Loaded TP WindowsTargetPlatform
[2016.12.15-06.42.28:626][  0]LogTemp:Display: Loaded TP AndroidTargetPlatform
[2016.12.15-06.42.28:682][  0]LogTemp:Display: Loaded TP Android_ASTCTargetPlatform
[2016.12.15-06.42.28:737][  0]LogTemp:Display: Loaded TP Android_ATCTargetPlatform
[2016.12.15-06.42.28:793][  0]LogTemp:Display: Loaded TP Android_DXTTargetPlatform
[2016.12.15-06.42.28:848][  0]LogTemp:Display: Loaded TP Android_ETC1TargetPlatform
[2016.12.15-06.42.28:903][  0]LogTemp:Display: Loaded TP Android_ETC2TargetPlatform
[2016.12.15-06.42.29:016][  0]LogTemp:Display: Loaded TP Android_MultiTargetPlatform
[2016.12.15-06.42.29:016][  0]LogTemp:Display: Loaded TP Android_PVRTCTargetPlatform
[2016.12.15-06.42.29:054][  0]LogTemp:Display: Loaded TP HTML5TargetPlatform
[2016.12.15-06.42.29:141][  0]LogTemp:Display: Loaded TP IOSTargetPlatform
[2016.12.15-06.42.29:177][  0]LogTemp:Display: Loaded TP TVOSTargetPlatform
[2016.12.15-06.42.29:233][  0]LogTemp:Display: Loaded TP LinuxClientTargetPlatform
[2016.12.15-06.42.29:289][  0]LogTemp:Display: Loaded TP LinuxNoEditorTargetPlatform
[2016.12.15-06.42.29:344][  0]LogTemp:Display: Loaded TP LinuxServerTargetPlatform
[2016.12.15-06.42.29:399][  0]LogTemp:Display: Loaded TP LinuxTargetPlatform
[2016.12.15-06.42.29:399][  0]LogTargetPlatformManager:Display: Building Assets For Windows
[2016.12.15-06.42.29:775][  0]LogDerivedDataCache:Display: Max Cache Size: 512 MB
[2016.12.15-06.42.29:826][  0]LogDerivedDataCache: Loaded boot cache 0.05s 50MB C:/Users/Michael/AppData/Local/UnrealEngine/4.14/DerivedDataCache/Boot.ddc.
[2016.12.15-06.42.29:826][  0]LogDerivedDataCache:Display: Loaded Boot cache: C:/Users/Michael/AppData/Local/UnrealEngine/4.14/DerivedDataCache/Boot.ddc
[2016.12.15-06.42.29:826][  0]LogDerivedDataCache: FDerivedDataBackendGraph:  Pak pak cache file ../../../../../../Projects/Unreal Projects/MenuHudProject/DerivedDataCache/DDC.ddp not found, will not use a pak cache.
[2016.12.15-06.42.29:826][  0]LogDerivedDataCache: Unable to find inner node Pak for hierarchical cache Hierarchy.
[2016.12.15-06.42.29:826][  0]LogDerivedDataCache: FDerivedDataBackendGraph:  CompressedPak pak cache file ../../../../../../Projects/Unreal Projects/MenuHudProject/DerivedDataCache/Compressed.ddp not found, will not use a pak cache.
[2016.12.15-06.42.29:826][  0]LogDerivedDataCache: Unable to find inner node CompressedPak for hierarchical cache Hierarchy.
[2016.12.15-06.42.29:842][  0]LogDerivedDataCache:Display: Pak cache opened for reading ../../../Engine/DerivedDataCache/Compressed.ddp.
[2016.12.15-06.42.29:853][  0]LogDerivedDataCache: Using Local data cache path C:/Users/Michael/AppData/Local/UnrealEngine/Common/DerivedDataCache: Writable
[2016.12.15-06.42.30:064][  0]LogInit: Selected Device Profile: [Windows]
[2016.12.15-06.42.30:068][  0]LogContentStreaming: Texture pool size is 0.00 MB
[2016.12.15-06.42.30:271][  0]LogMeshUtilities: Using QuadricMeshReduction for automatic static mesh reduction
[2016.12.15-06.42.30:313][  0]LogSimplygon: Simplygon DLL not present - disabling.
[2016.12.15-06.42.30:357][  0]LogMeshUtilities: Using SimplygonSwarm for distributed automatic mesh merging
[2016.12.15-06.42.30:357][  0]LogMeshUtilities: No automatic skeletal mesh reduction module available
[2016.12.15-06.42.30:357][  0]LogMeshUtilities: No automatic mesh merging module available
[2016.12.15-06.42.30:871][  0]LogNetVersion: GetLocalNetworkVersion: CL: 3195953, ProjectName: menuhudproject, ProjectVersion: , EngineNetworkVersion: 2, GameNetworkVersion: 0, NetworkChecksum: 1093614201
[2016.12.15-06.42.30:925][  0]LogAssetRegistry: FAssetRegistry took 0.0197 seconds to start up
[2016.12.15-06.42.30:968][  0]LogPackageLocalizationCache: Processed 3 localized package path(s) for 2 prioritized culture(s) in 0.021686 seconds
[2016.12.15-06.42.30:974][  0]LogUObjectArray: 31946 objects as part of root set at end of initial load.
[2016.12.15-06.42.30:974][  0]LogUObjectAllocator: 6935840 out of 0 bytes used by permanent object pool.
[2016.12.15-06.42.30:974][  0]LogUObjectArray: CloseDisregardForGC: 0/0 objects in disregard for GC pool
[2016.12.15-06.42.31:035][  0]LogInit: WinSock: version 1.1 (2.2), MaxSocks=32767, MaxUdp=65467
[2016.12.15-06.42.31:781][  0]LogSlate: Using Freetype 2.6.0
[2016.12.15-06.42.31:781][  0]LogSlate: SlateFontCache - WITH_FREETYPE: 1, WITH_HARFBUZZ: 1
[2016.12.15-06.42.31:781][  0]LogSlate: SlateFontCache - WITH_FREETYPE: 1, WITH_HARFBUZZ: 1
[2016.12.15-06.42.32:486][  0]LogTcpMessaging: Initializing TcpMessaging bridge
[2016.12.15-06.42.32:522][  0]LogUdpMessaging: Initializing bridge on interface 0.0.0.0:0 to multicast group 230.0.0.1:6666.
[2016.12.15-06.42.32:819][  0]LogMaterial: Uniform references updated for custom material expression Custom.
[2016.12.15-06.42.33:195][  0]SourceControl: Info Source control is disabled
[2016.12.15-06.42.34:881][  0]LogEngine: Initializing Engine...
[2016.12.15-06.42.34:882][  0]LogHMD: Failed to initialize OpenVR with code 110
[2016.12.15-06.42.35:118][  0]LogAIModule: Creating AISystem for world Untitled
[2016.12.15-06.42.35:128][  0]LogInit: XAudio2 using 'Speakers (High Definition Audio Device)' : 2 channels at 44.1 kHz using 16 bits per sample (channel mask 0x3)
[2016.12.15-06.42.35:147][  0]LogInit: FAudioDevice initialized.
[2016.12.15-06.42.35:177][  0]LogDerivedDataCache: Saved boot cache 0.03s 50MB C:/Users/Michael/AppData/Local/UnrealEngine/4.14/DerivedDataCache/Boot.ddc.
[2016.12.15-06.42.35:183][  0]LogInit: Texture streaming: Enabled
[2016.12.15-06.42.35:387][  0]LogInit: Transaction tracking system initialized
[2016.12.15-06.42.35:733][  0]BlueprintLog: New page: Editor Load
[2016.12.15-06.42.36:644][  0]LocalizationService: Info Localization service is disabled
[2016.12.15-06.42.37:377][  0]LogConsoleResponse:Display: 
[2016.12.15-06.42.37:546][  0]LogCook:Display: Max memory allowance for cook 16384mb min free memory 0mb
[2016.12.15-06.42.37:546][  0]LogCook:Display: Mobile HDR setting 1
[2016.12.15-06.42.38:554][  0]LogFileCache: Scanning file cache for directory 'C:/Projects/Unreal Projects/MenuHudProject/Content/' took 0.02s
[2016.12.15-06.42.38:725][  0]Cmd: MAP LOAD FILE="../../../../../../Projects/Unreal Projects/MenuHudProject/Content/MenuAssets/Maps/Main.umap" TEMPLATE=0 SHOWPROGRESS=1 FEATURELEVEL=3
[2016.12.15-06.42.38:726][  0]LightingResults: New page: Lighting Build
[2016.12.15-06.42.38:766][  0]MapCheck: New page: Map Check
[2016.12.15-06.42.38:766][  0]LightingResults: New page: Lighting Build
[2016.12.15-06.42.39:413][  0]LogAIModule: Creating AISystem for world Main
[2016.12.15-06.42.39:417][  0]LogEditorServer: Finished looking for orphan Actors (0.000 secs)
[2016.12.15-06.42.39:418][  0]Cmd: MAP CHECKDEP NOCLEARLOG
[2016.12.15-06.42.39:464][  0]MapCheck: Info Map check complete: 0 Error(s), 0 Warning(s), took 45.965ms to complete.
[2016.12.15-06.42.39:464][  0]LogFileHelpers: Loading map 'Main' took 0.739
[2016.12.15-06.42.39:622][  0]LogCollectionManager: Loaded 0 collections in 0.001318 seconds
[2016.12.15-06.42.39:700][  0]LogFileCache: Scanning file cache for directory 'C:/Projects/Unreal Projects/MenuHudProject/Saved/Collections/' took 0.01s
[2016.12.15-06.42.39:700][  0]LogFileCache: Scanning file cache for directory 'C:/Projects/Unreal Projects/MenuHudProject/Content/Developers/Michael/Collections/' took 0.01s
[2016.12.15-06.42.39:700][  0]LogFileCache: Scanning file cache for directory 'C:/Projects/Unreal Projects/MenuHudProject/Content/Collections/' took 0.01s
[2016.12.15-06.42.39:700][  0]LogCollectionManager: Rebuilt the GUID cache for 0 collections in 0.000002 seconds
[2016.12.15-06.42.39:709][  0]LogContentBrowser: Native class hierarchy populated in 0.0088 seconds. Added 2190 classes and 428 folders.
[2016.12.15-06.42.39:751][  0]LogStats: UGameplayTagsManager::ConstructGameplayTagTree: Construct from data asset -  0.000 s
[2016.12.15-06.42.39:751][  0]LogStats: UGameplayTagsManager::ConstructGameplayTagTree: GameplayTagTreeChangedEvent.Broadcast -  0.000 s
[2016.12.15-06.42.39:751][  0]LogContentBrowser: Native class hierarchy updated for 'GameplayTags' in 0.0005 seconds. Added 13 classes and 0 folders.
[2016.12.15-06.42.39:813][  0]LogContentBrowser: Native class hierarchy updated for 'WidgetCarousel' in 0.0005 seconds. Added 0 classes and 0 folders.
[2016.12.15-06.42.39:848][  0]LogContentBrowser: Native class hierarchy updated for 'AddContentDialog' in 0.0005 seconds. Added 0 classes and 0 folders.
[2016.12.15-06.42.39:890][  0]LogContentBrowser: Native class hierarchy updated for 'SceneOutliner' in 0.0004 seconds. Added 1 classes and 2 folders.
[2016.12.15-06.42.39:967][  0]LogCrashTracker: Crashtracker disabled due to settings.
[2016.12.15-06.42.39:973][  0]LogUObjectGlobals:Warning: Failed to find object 'Class None.'
[2016.12.15-06.42.40:035][  0]LogContentBrowser: Native class hierarchy updated for 'HierarchicalLODOutliner' in 0.0005 seconds. Added 1 classes and 2 folders.
[2016.12.15-06.42.40:035][  0]LogLoad: (Engine Initialization) Total time: 15.13 seconds
[2016.12.15-06.42.40:035][  0]LogLoad: (Engine Initialization) Total Blueprint compile time: 0.23 seconds
[2016.12.15-06.42.40:035][  0]LogExternalProfiler: Found external profiler: VSPerf
[2016.12.15-06.42.40:035][  0]LogExternalProfiler: Using external profiler: VSPerf
[2016.12.15-06.42.40:044][  0]LogOcInput: OculusInput pre-init called
[2016.12.15-06.42.40:062][  0]SourceControl: Info On branch master
[2016.12.15-06.42.40:062][  0]SourceControl: Info Your branch is ahead of 'origin/master' by 1 commit.
[2016.12.15-06.42.40:062][  0]SourceControl: Info   (use "git push" to publish your local commits)
[2016.12.15-06.42.40:062][  0]SourceControl: Info Changes to be committed:
[2016.12.15-06.42.40:062][  0]SourceControl: Info   (use "git reset HEAD <file>..." to unstage)
[2016.12.15-06.42.40:062][  0]SourceControl: Info 	new file:   Content/MenuAssets/CharacterBlueprints/Sketchy_Character.uasset
[2016.12.15-06.42.40:062][  0]SourceControl: Info Changes not staged for commit:
[2016.12.15-06.42.40:062][  0]SourceControl: Info   (use "git add <file>..." to update what will be committed)
[2016.12.15-06.42.40:062][  0]SourceControl: Info   (use "git checkout -- <file>..." to discard changes in working directory)
[2016.12.15-06.42.40:062][  0]SourceControl: Info 	modified:   Content/2DAssets/SketchCharacter/StandingIdle_1.uasset
[2016.12.15-06.42.40:062][  0]SourceControl: Info 	modified:   Content/2DAssets/SketchCharacter/StandingIdle_2.uasset
[2016.12.15-06.42.40:062][  0]SourceControl: Info 	modified:   Content/2DAssets/SketchCharacter/StandingIdle_3.uasset
[2016.12.15-06.42.40:062][  0]SourceControl: Info 	modified:   Content/2DAssets/SketchCharacter/StandingIdle_4.uasset
[2016.12.15-06.42.40:062][  0]SourceControl: Info 	modified:   Content/2DSideScroller/Maps/2DSideScrollerExampleMap.umap
[2016.12.15-06.42.40:062][  0]SourceControl: Info 	modified:   Content/MenuAssets/CharacterBlueprints/MyPlayerController.uasset
[2016.12.15-06.42.40:062][  0]SourceControl: Info 	modified:   Content/MenuAssets/CharacterBlueprints/Sketchy_Character.uasset
[2016.12.15-06.42.40:062][  0]SourceControl: Info 	modified:   Content/MenuAssets/CharacterBlueprints/Sonic_Character.uasset
[2016.12.15-06.42.40:062][  0]SourceControl: Info 	modified:   Intermediate/CachedAssetRegistry.bin
[2016.12.15-06.42.40:062][  0]SourceControl: Info 	modified:   Saved/AutoScreenshot.png
[2016.12.15-06.42.40:062][  0]SourceControl: Info 	modified:   Saved/Autosaves/PackageRestoreData.json
[2016.12.15-06.42.40:062][  0]SourceControl: Info 	modified:   Saved/Config/Windows/Editor.ini
[2016.12.15-06.42.40:062][  0]SourceControl: Info 	modified:   Saved/Config/Windows/EditorPerProjectUserSettings.ini
[2016.12.15-06.42.40:062][  0]SourceControl: Info 	modified:   Saved/Config/Windows/Engine.ini
[2016.12.15-06.42.40:062][  0]SourceControl: Info 	modified:   Saved/Logs/MenuHudProject.log
[2016.12.15-06.42.40:062][  0]SourceControl: Info Untracked files:
[2016.12.15-06.42.40:062][  0]SourceControl: Info   (use "git add <file>..." to include in what will be committed)
[2016.12.15-06.42.40:062][  0]SourceControl: Info 	Saved/Autosaves/Game/2DSideScroller/
[2016.12.15-06.42.40:062][  0]SourceControl: Info 	Saved/Autosaves/Game/2DSideScrollerBP/
[2016.12.15-06.42.40:062][  0]SourceControl: Info 	Saved/Autosaves/Game/MenuAssets/
[2016.12.15-06.42.40:062][  0]SourceControl: Info 	Saved/Backup/2DSideScrollerExampleMap_2016-12-12-22-47-23.umap
[2016.12.15-06.42.40:062][  0]SourceControl: Info 	Saved/Backup/2DSideScrollerExampleMap_2016-12-12-22-55-24.umap
[2016.12.15-06.42.40:062][  0]SourceControl: Info 	Saved/Backup/2DSideScrollerExampleMap_2016-12-13-21-03-27.umap
[2016.12.15-06.42.40:062][  0]SourceControl: Info 	Saved/Backup/2DSideScrollerExampleMap_2016-12-14-21-37-43.umap
[2016.12.15-06.42.40:062][  0]SourceControl: Info 	Saved/Backup/2DSideScrollerExampleMap_2016-12-14-21-43-40.umap
[2016.12.15-06.42.40:062][  0]SourceControl: Info 	Saved/Backup/2DSideScrollerExampleMap_2016-12-14-22-13-03.umap
[2016.12.15-06.42.40:063][  0]SourceControl: Info 	Saved/Backup/2DSideScrollerExampleMap_2016-12-14-22-25-30.umap
[2016.12.15-06.42.40:063][  0]SourceControl: Info 	Saved/Backup/2DSideScrollerExampleMap_2016-12-14-22-32-47.umap
[2016.12.15-06.42.40:063][  0]SourceControl: Info 	Saved/Backup/2DSideScrollerExampleMap_2016-12-14-22-39-36.umap
[2016.12.15-06.42.40:063][  0]SourceControl: Info 	Saved/Backup/2DSideScrollerExampleMap_BuiltData_2016-12-12-22-50-44.uasset
[2016.12.15-06.42.40:063][  0]SourceControl: Info 	Saved/Backup/2DSideScrollerGameMode_2016-12-12-22-57-50.uasset
[2016.12.15-06.42.40:063][  0]SourceControl: Info 	Saved/Backup/2DSideScrollerGameMode_2016-12-13-20-27-30.uasset
[2016.12.15-06.42.40:063][  0]SourceControl: Info 	Saved/Backup/2DSideScrollerGameMode_2016-12-13-20-52-53.uasset
[2016.12.15-06.42.40:063][  0]SourceControl: Info 	Saved/Backup/2DSideScrollerGameMode_2016-12-13-21-08-48.uasset
[2016.12.15-06.42.40:063][  0]SourceControl: Info 	Saved/Backup/ExampleBackground_2016-12-12-22-44-14.uasset
[2016.12.15-06.42.40:063][  0]SourceControl: Info 	Saved/Backup/HUD_2016-12-12-22-44-14.uasset
[2016.12.15-06.42.40:063][  0]SourceControl: Info 	Saved/Backup/MainMenu_2016-12-12-22-39-44.uasset
[2016.12.15-06.42.40:063][  0]SourceControl: Info 	Saved/Backup/Main_2016-12-12-23-02-15.umap
[2016.12.15-06.42.40:063][  0]SourceControl: Info 	Saved/Backup/Main_2016-12-13-20-24-23.umap
[2016.12.15-06.42.40:063][  0]SourceControl: Info 	Saved/Backup/Main_2016-12-13-20-32-39.umap
[2016.12.15-06.42.40:063][  0]SourceControl: Info 	Saved/Backup/Main_2016-12-13-20-52-54.umap
[2016.12.15-06.42.40:063][  0]SourceControl: Info 	Saved/Backup/Main_2016-12-13-21-04-09.umap
[2016.12.15-06.42.40:063][  0]SourceControl: Info 	Saved/Backup/Main_2016-12-13-21-09-24.umap
[2016.12.15-06.42.40:063][  0]SourceControl: Info 	Saved/Backup/Main_2016-12-14-21-06-42.umap
[2016.12.15-06.42.40:063][  0]SourceControl: Info 	Saved/Backup/Main_2016-12-14-21-40-23.umap
[2016.12.15-06.42.40:063][  0]SourceControl: Info 	Saved/Backup/Main_BuiltData_2016-12-14-21-06-42.uasset
[2016.12.15-06.42.40:063][  0]SourceControl: Info 	Saved/Backup/Main_BuiltData_2016-12-14-21-40-23.uasset
[2016.12.15-06.42.40:063][  0]SourceControl: Info 	Saved/Backup/Main_Menu_2016-12-12-22-48-29.uasset
[2016.12.15-06.42.40:063][  0]SourceControl: Info 	Saved/Backup/My2DSSCharacter_2016-12-14-22-08-06.uasset
[2016.12.15-06.42.40:063][  0]SourceControl: Info 	Saved/Backup/My2DSSCharacter_2016-12-14-22-17-34.uasset
[2016.12.15-06.42.40:063][  0]SourceControl: Info 	Saved/Backup/My2DSSCharacter_2016-12-14-22-22-51.uasset
[2016.12.15-06.42.40:063][  0]SourceControl: Info 	Saved/Backup/MyPlayerController_2016-12-14-21-51-20.uasset
[2016.12.15-06.42.40:063][  0]SourceControl: Info 	Saved/Backup/MyPlayerController_2016-12-14-21-57-03.uasset
[2016.12.15-06.42.40:063][  0]SourceControl: Info 	Saved/Backup/MyPlayerController_2016-12-14-22-08-06.uasset
[2016.12.15-06.42.40:063][  0]SourceControl: Info 	Saved/Backup/MyPlayerController_2016-12-14-22-36-34.uasset
[2016.12.15-06.42.40:063][  0]SourceControl: Info 	Saved/Backup/PauseMenu_2016-12-12-22-44-14.uasset
[2016.12.15-06.42.40:063][  0]SourceControl: Info 	Saved/Backup/Sketchy_Character_2016-12-14-22-34-50.uasset
[2016.12.15-06.42.40:063][  0]SourceControl: Info 	Saved/Backup/Sketchy_Character_2016-12-14-22-40-26.uasset
[2016.12.15-06.42.40:063][  0]SourceControl: Info 	Saved/Backup/Sonic_Character_2016-12-13-20-34-00.uasset
[2016.12.15-06.42.40:063][  0]SourceControl: Info 	Saved/Backup/Sonic_Character_2016-12-13-20-39-39.uasset
[2016.12.15-06.42.40:063][  0]SourceControl: Info 	Saved/Backup/Sonic_Character_2016-12-14-22-30-10.uasset
[2016.12.15-06.42.40:063][  0]SourceControl: Info 	Saved/Backup/StandingIdle_1_2016-12-14-22-41-22.uasset
[2016.12.15-06.42.40:063][  0]SourceControl: Info 	Saved/Backup/StandingIdle_2_2016-12-14-22-41-52.uasset
[2016.12.15-06.42.40:063][  0]SourceControl: Info 	Saved/Backup/StandingIdle_3_2016-12-14-22-41-43.uasset
[2016.12.15-06.42.40:063][  0]SourceControl: Info 	Saved/Backup/StandingIdle_4_2016-12-14-22-41-35.uasset
[2016.12.15-06.42.40:063][  0]SourceControl: Info 	Saved/Backup/button_2016-12-12-22-44-14.uasset
[2016.12.15-06.42.40:063][  0]SourceControl: Info 	Saved/Config/WorldState/1294632047.json
[2016.12.15-06.42.40:063][  0]SourceControl: Info 	Saved/Config/WorldState/1549169423.json
[2016.12.15-06.42.40:063][  0]SourceControl: Info 	Saved/Config/WorldState/2214747961.json
[2016.12.15-06.42.40:063][  0]SourceControl: Info 	Saved/Config/WorldState/2301629174.json
[2016.12.15-06.42.40:063][  0]SourceControl: Info 	Saved/Logs/MenuHudProject-backup-2016.12.14-22.42.26.log
[2016.12.15-06.42.40:063][  0]SourceControl: Info 	Saved/Logs/MenuHudProject_2-backup-2016.12.14-21.40.24.log
[2016.12.15-06.42.40:063][  0]SourceControl: Info 	Saved/Logs/MenuHudProject_2-backup-2016.12.14-22.26.49.log
[2016.12.15-06.42.40:063][  0]SourceControl: Info 	Saved/Logs/MenuHudProject_2-backup-2016.12.14-22.30.11.log
[2016.12.15-06.42.40:063][  0]SourceControl: Info 	Saved/Logs/MenuHudProject_2-backup-2016.12.14-22.30.13.log
[2016.12.15-06.42.40:063][  0]SourceControl: Info 	Saved/Logs/MenuHudProject_2-backup-2016.12.14-22.35.13.log
[2016.12.15-06.42.40:063][  0]SourceControl: Info 	Saved/Logs/MenuHudProject_2-backup-2016.12.14-22.35.47.log
[2016.12.15-06.42.40:063][  0]SourceControl: Info 	Saved/Logs/MenuHudProject_2-backup-2016.12.14-22.37.12.log
[2016.12.15-06.42.40:063][  0]SourceControl: Info 	Saved/Logs/MenuHudProject_2.log
[2016.12.15-06.42.40:063][  0]SourceControl: Info 	Saved/Logs/UE4CC-Windows-5208182D4E439BD39E8539B9C40A7E0E/
[2016.12.15-06.42.40:063][  0]SourceControl: Info 	Saved/Logs/UE4CC-Windows-5208182D4E439BD39E8539B9C40A7E0E_0000/
[2016.12.15-06.42.40:063][  0]SourceControl: Info 	Saved/Logs/UE4CC-Windows-5EC3F3F5467BE0BCFD6071ACD38AD6F2/
[2016.12.15-06.42.40:063][  0]SourceControl: Info 	Saved/Logs/UE4CC-Windows-71CCB3994B4A453FFC0FE588B1775E75/
[2016.12.15-06.42.40:063][  0]SourceControl: Info 	Saved/Logs/UE4CC-Windows-A3140639445258AAEE8C408E1D327715/
[2016.12.15-06.42.40:063][  0]SourceControl: Info 	Saved/Logs/UE4CC-Windows-C9A398854D99241AE21358A628F38E29/
[2016.12.15-06.42.40:063][  0]SourceControl: Info 	Saved/Logs/UE4CC-Windows-D27CA68348F098D5E9F8F4AF5C75E9DB/
[2016.12.15-06.42.40:063][  0]SourceControl: Info 	Saved/Logs/UE4CC-Windows-D27CA68348F098D5E9F8F4AF5C75E9DB_0000/
[2016.12.15-06.42.40:063][  0]SourceControl: Info 	Saved/Logs/UE4CC-Windows-DE6DD17441C7578A2BED3BA0129C5C79/
[2016.12.15-06.42.40:063][  0]SourceControl: Info 	Saved/Logs/UE4CC-Windows-DE6DD17441C7578A2BED3BA0129C5C79_0000/
[2016.12.15-06.42.40:063][  0]SourceControl: Info 	Saved/Logs/UE4CC-Windows-DE6DD17441C7578A2BED3BA0129C5C79_0001/
[2016.12.15-06.42.40:064][  0]LogContentStreaming: Texture pool size now 1000 MB
[2016.12.15-06.42.40:194][  0]LogRenderer: Reallocating scene render targets to support 1056x488 NumSamples 1 (Frame:2).
[2016.12.15-06.42.40:363][  1]LogAssetRegistry: Asset discovery search completed in 9.4579 seconds
[2016.12.15-06.42.40:363][  1]LogCollectionManager: Rebuilt the object cache for 0 collections in 0.000003 seconds (found 0 objects)
[2016.12.15-06.42.40:364][  1]LogCollectionManager: Fixed up redirectors for 0 collections in 0.000035 seconds (updated 0 objects)
[2016.12.15-06.42.52:902][813]LogRenderer: Reallocating scene render targets to support 1336x768 NumSamples 1 (Frame:5).
[2016.12.15-06.43.03:254][302]LogContentBrowser: Native class hierarchy updated for 'BlueprintGraph' in 0.0008 seconds. Added 111 classes and 0 folders.
[2016.12.15-06.43.05:488][393]LogRenderer: Reallocating scene render targets to support 1336x880 NumSamples 1 (Frame:108).
[2016.12.15-06.43.17:315][856]BlueprintLog: New page: Compile Sketchy_Character
[2016.12.15-06.43.17:625][856]LogSavePackage: Save=23.28ms
[2016.12.15-06.43.17:625][856]LogSavePackage: Moving '../../../../../../Projects/Unreal Projects/MenuHudProject/Saved/Sketchy_Character1EDA37A647012D9CADFB24AF4272C6A5.tmp' to '../../../../../../Projects/Unreal Projects/MenuHudProject/Content/MenuAssets/CharacterBlueprints/Sketchy_Character.uasset'
[2016.12.15-06.43.17:628][856]LogSavePackage:Display: Finished SavePackage ../../../../../../Projects/Unreal Projects/MenuHudProject/Content/MenuAssets/CharacterBlueprints/Sketchy_Character.uasset
[2016.12.15-06.43.18:809][877]LogSavePackage: Save=24.64ms
[2016.12.15-06.43.18:809][877]LogSavePackage: Moving '../../../../../../Projects/Unreal Projects/MenuHudProject/Saved/Sketchy_CharacterBDB74B814F2A299A089E42A18332A3B3.tmp' to '../../../../../../Projects/Unreal Projects/MenuHudProject/Content/MenuAssets/CharacterBlueprints/Sketchy_Character.uasset'
[2016.12.15-06.43.18:811][877]LogSavePackage:Display: Finished SavePackage ../../../../../../Projects/Unreal Projects/MenuHudProject/Content/MenuAssets/CharacterBlueprints/Sketchy_Character.uasset
[2016.12.15-06.43.21:501][ 31]LogTemp: Repeting last play command: Selected Viewport
[2016.12.15-06.43.21:517][ 31]LogBlueprintUserMessages: Early PlayInEditor Detection: Level '/Game/MenuAssets/Maps/Main.Main:PersistentLevel' has LevelScriptBlueprint '/Game/MenuAssets/Maps/Main.Main:PersistentLevel.Main' with GeneratedClass '/Game/MenuAssets/Maps/Main.Main_C' with ClassGeneratedBy '/Game/MenuAssets/Maps/Main.Main:PersistentLevel.Main'
[2016.12.15-06.43.21:518][ 31]LogPlayLevel: PlayLevel: No blueprints needed recompiling
[2016.12.15-06.43.21:518][ 31]PIE: New page: PIE session: Main (Dec 14, 2016, 2:43:21 PM)
[2016.12.15-06.43.21:518][ 31]LogPlayLevel: Creating play world package: /Game/MenuAssets/Maps/UEDPIE_0_Main
[2016.12.15-06.43.21:520][ 31]LogPlayLevel: PIE: StaticDuplicateObject took: (0.002212s)
[2016.12.15-06.43.21:521][ 31]LogAIModule: Creating AISystem for world Main
[2016.12.15-06.43.21:521][ 31]LogPlayLevel: PIE: World Init took: (0.000634s)
[2016.12.15-06.43.21:521][ 31]LogPlayLevel: PIE: Created PIE world by copying editor world from /Game/MenuAssets/Maps/Main.Main to /Game/MenuAssets/Maps/UEDPIE_0_Main.Main (0.003040s)
[2016.12.15-06.43.21:536][ 31]LogInit: XAudio2 using 'Speakers (High Definition Audio Device)' : 2 channels at 44.1 kHz using 16 bits per sample (channel mask 0x3)
[2016.12.15-06.43.21:541][ 31]LogInit: FAudioDevice initialized.
[2016.12.15-06.43.21:582][ 31]LogLoad: Game class is '2DSideScrollerGameMode_C'
[2016.12.15-06.43.21:584][ 31]LogWorld: Bringing World /Game/MenuAssets/Maps/UEDPIE_0_Main.Main up for play (max tick rate 0) at 2016.12.14-22.43.21
[2016.12.15-06.43.21:584][ 31]LogWorld: Bringing up level for play took: 0.000810
[2016.12.15-06.43.21:625][ 31]LogContentBrowser: Native class hierarchy updated for 'MovieSceneCapture' in 0.0005 seconds. Added 11 classes and 0 folders.
[2016.12.15-06.43.21:629][ 31]PIE: Info Play in editor start time for /Game/MenuAssets/Maps/UEDPIE_0_Main 0.663
[2016.12.15-06.43.21:629][ 31]LogBlueprintUserMessages: Late PlayInEditor Detection: Level '/Game/MenuAssets/Maps/Main.Main:PersistentLevel' has LevelScriptBlueprint '/Game/MenuAssets/Maps/Main.Main:PersistentLevel.Main' with GeneratedClass '/Game/MenuAssets/Maps/Main.Main_C' with ClassGeneratedBy '/Game/MenuAssets/Maps/Main.Main:PersistentLevel.Main'
[2016.12.15-06.43.22:875][ 57]LogNet: Browse: /Game/2DSideScroller/Maps/2DSideScrollerExampleMap
[2016.12.15-06.43.22:876][ 57]LogLoad: LoadMap: /Game/2DSideScroller/Maps/2DSideScrollerExampleMap
[2016.12.15-06.43.22:937][ 57]Cmd: MEM
[2016.12.15-06.43.22:949][ 57]LogMemory: Platform Memory Stats for Windows
[2016.12.15-06.43.22:949][ 57]LogMemory: Process Physical Memory: 1122.98 MB used, 1129.64 MB peak
[2016.12.15-06.43.22:949][ 57]LogMemory: Process Virtual Memory: 1016.25 MB used, 1026.33 MB peak
[2016.12.15-06.43.22:949][ 57]LogMemory: Physical Memory: 3907.07 MB used,  4239.46 MB free, 8146.54 MB total
[2016.12.15-06.43.22:949][ 57]LogMemory: Virtual Memory: 1749.47 MB used,  4239.46 MB free, 8388608.00 MB total
[2016.12.15-06.43.22:949][ 57]LogMemory: 
[2016.12.15-06.43.22:949][ 57]Allocator Stats for TBB: (not implemented)
[2016.12.15-06.43.23:146][ 57]LogAIModule: Creating AISystem for world 2DSideScrollerExampleMap
[2016.12.15-06.43.23:146][ 57]LogLoad: Game class is '2DSideScrollerGameMode_C'
[2016.12.15-06.43.23:152][ 57]LogWorld: Bringing World /Game/2DSideScroller/Maps/UEDPIE_0_2DSideScrollerExampleMap.2DSideScrollerExampleMap up for play (max tick rate 0) at 2016.12.14-22.43.23
[2016.12.15-06.43.23:153][ 57]LogWorld: Bringing up level for play took: 0.005708
[2016.12.15-06.43.23:155][ 57]LogLoad: Took 0.279410 seconds to LoadMap(/Game/2DSideScroller/Maps/2DSideScrollerExampleMap)
[2016.12.15-06.44.01:178][997]LogNet: Browse: /Game/MenuAssets/Maps/Main
[2016.12.15-06.44.01:178][997]LogLoad: LoadMap: /Game/MenuAssets/Maps/Main
[2016.12.15-06.44.01:230][997]Cmd: MEM
[2016.12.15-06.44.01:243][997]LogMemory: Platform Memory Stats for Windows
[2016.12.15-06.44.01:243][997]LogMemory: Process Physical Memory: 1173.84 MB used, 1177.18 MB peak
[2016.12.15-06.44.01:243][997]LogMemory: Process Virtual Memory: 1062.94 MB used, 1063.09 MB peak
[2016.12.15-06.44.01:243][997]LogMemory: Physical Memory: 3928.16 MB used,  4218.37 MB free, 8146.54 MB total
[2016.12.15-06.44.01:243][997]LogMemory: Virtual Memory: 1791.34 MB used,  4218.37 MB free, 8388608.00 MB total
[2016.12.15-06.44.01:243][997]LogMemory: 
[2016.12.15-06.44.01:243][997]Allocator Stats for TBB: (not implemented)
[2016.12.15-06.44.01:243][997]LogPlayLevel: Creating play world package: /Game/MenuAssets/Maps/UEDPIE_0_Main
[2016.12.15-06.44.01:245][997]LogPlayLevel: PIE: StaticDuplicateObject took: (0.002020s)
[2016.12.15-06.44.01:246][997]LogAIModule: Creating AISystem for world Main
[2016.12.15-06.44.01:246][997]LogPlayLevel: PIE: World Init took: (0.000814s)
[2016.12.15-06.44.01:246][997]LogPlayLevel: PIE: Created PIE world by copying editor world from /Game/MenuAssets/Maps/Main.Main to /Game/MenuAssets/Maps/UEDPIE_0_Main.Main (0.003081s)
[2016.12.15-06.44.01:246][997]LogLoad: Game class is '2DSideScrollerGameMode_C'
[2016.12.15-06.44.01:248][997]LogWorld: Bringing World /Game/MenuAssets/Maps/UEDPIE_0_Main.Main up for play (max tick rate 0) at 2016.12.14-22.44.01
[2016.12.15-06.44.01:248][997]LogWorld: Bringing up level for play took: 0.000923
[2016.12.15-06.44.01:251][997]LogLoad: Took 0.073575 seconds to LoadMap(/Game/MenuAssets/Maps/UEDPIE_0_Main)
[2016.12.15-06.44.04:532][ 65]LogBlueprintUserMessages: Early EndPlayMap Detection: Level '/Game/MenuAssets/Maps/Main.Main:PersistentLevel' has LevelScriptBlueprint '/Game/MenuAssets/Maps/Main.Main:PersistentLevel.Main' with GeneratedClass '/Game/MenuAssets/Maps/Main.Main_C' with ClassGeneratedBy '/Game/MenuAssets/Maps/Main.Main:PersistentLevel.Main'
[2016.12.15-06.44.04:563][ 65]LogBlueprintUserMessages: Late EndPlayMap Detection: Level '/Game/MenuAssets/Maps/Main.Main:PersistentLevel' has LevelScriptBlueprint '/Game/MenuAssets/Maps/Main.Main:PersistentLevel.Main' with GeneratedClass '/Game/MenuAssets/Maps/Main.Main_C' with ClassGeneratedBy '/Game/MenuAssets/Maps/Main.Main:PersistentLevel.Main'
[2016.12.15-06.44.07:801][331]SourceControl: Info fatal: C:/Program Files (x86)/Epic Games/4.14/Engine/Content/: 'C:/Program Files (x86)/Epic Games/4.14/Engine/Content/' is outside repository
[2016.12.15-06.44.07:890][331]LogPackageName:Error: Illegal call to DoesPackageExist: '../../../../../../Projects/Unreal Projects/MenuHudProject/MenuHudProject.uproject' is not a standard unreal filename or a long path name. Reason: Path should be no less than 4 characters long.
[2016.12.15-06.44.07:898][331]LogStats: FPlatformStackWalk::StackWalkAndDump -  0.007 s
[2016.12.15-06.44.07:898][331]LogOutputDevice:Error: === Handled ensure: ===
[2016.12.15-06.44.07:898][331]LogOutputDevice:Error: 
[2016.12.15-06.44.07:898][331]LogOutputDevice:Error: Ensure condition failed: false [File:D:\Build\++UE4+Release-4.14+Compile\Sync\Engine\Source\Runtime\CoreUObject\Private\Misc\PackageName.cpp] [Line: 624]
[2016.12.15-06.44.07:898][331]LogOutputDevice:Error: Illegal call to DoesPackageExist: '../../../../../../Projects/Unreal Projects/MenuHudProject/MenuHudProject.uproject' is not a standard unreal filename or a long path name. Reason: Path should be no less than 4 characters long.
[2016.12.15-06.44.07:898][331]LogOutputDevice:Error: Stack: 
[2016.12.15-06.44.07:898][331]LogOutputDevice:Error: UE4Editor-Core.dll
[2016.12.15-06.44.07:898][331]LogOutputDevice:Error: UE4Editor-Core.dll
[2016.12.15-06.44.07:898][331]LogOutputDevice:Error: UE4Editor-Core.dll
[2016.12.15-06.44.07:898][331]LogOutputDevice:Error: UE4Editor-CoreUObject.dll
[2016.12.15-06.44.07:898][331]LogOutputDevice:Error: UE4Editor-SourceControl.dll
[2016.12.15-06.44.07:898][331]LogOutputDevice:Error: UE4Editor-SourceControl.dll
[2016.12.15-06.44.07:898][331]LogOutputDevice:Error: UE4Editor-SourceControlWindows.dll
[2016.12.15-06.44.07:898][331]LogOutputDevice:Error: UE4Editor-SourceControlWindows.dll
[2016.12.15-06.44.07:898][331]LogOutputDevice:Error: UE4Editor-SourceControlWindows.dll
[2016.12.15-06.44.07:898][331]LogOutputDevice:Error: UE4Editor-SourceControlWindows.dll
[2016.12.15-06.44.07:898][331]LogOutputDevice:Error: UE4Editor-GitSourceControl.dll
[2016.12.15-06.44.07:898][331]LogOutputDevice:Error: UE4Editor-GitSourceControl.dll
[2016.12.15-06.44.07:898][331]LogOutputDevice:Error: UE4Editor-SourceControl.dll
[2016.12.15-06.44.07:898][331]LogOutputDevice:Error: UE4Editor-UnrealEd.dll
[2016.12.15-06.44.07:898][331]LogOutputDevice:Error: UE4Editor-UnrealEd.dll
[2016.12.15-06.44.07:898][331]LogOutputDevice:Error: UE4Editor.exe
[2016.12.15-06.44.07:898][331]LogOutputDevice:Error: UE4Editor.exe
[2016.12.15-06.44.07:898][331]LogOutputDevice:Error: UE4Editor.exe
[2016.12.15-06.44.07:898][331]LogOutputDevice:Error: UE4Editor.exe
[2016.12.15-06.44.07:898][331]LogOutputDevice:Error: UE4Editor.exe
[2016.12.15-06.44.07:898][331]LogOutputDevice:Error: kernel32.dll
[2016.12.15-06.44.07:898][331]LogOutputDevice:Error: ntdll.dll
[2016.12.15-06.44.07:898][331]LogOutputDevice:Error: 
[2016.12.15-06.44.07:902][331]LogStats:                SubmitErrorReport -  0.000 s
[2016.12.15-06.44.08:060][331]LogStats:                    SendNewReport -  0.158 s
[2016.12.15-06.44.08:060][331]LogStats:             FDebug::EnsureFailed -  0.169 s
[2016.12.15-06.44.18:590][331]LogSourceControl: FGitCheckInWorker: commit successful
[2016.12.15-06.44.18:670][331]SourceControl: Info [master 337fec8] Got Sketchy Guy working
[2016.12.15-06.44.18:670][331]SourceControl: Info  7 files changed, 0 insertions(+), 0 deletions(-)
[2016.12.15-06.44.18:670][331]SourceControl: Info  rewrite Content/2DAssets/SketchCharacter/StandingIdle_1.uasset (96%)
[2016.12.15-06.44.18:670][331]SourceControl: Info  rewrite Content/2DAssets/SketchCharacter/StandingIdle_2.uasset (96%)
[2016.12.15-06.44.18:670][331]SourceControl: Info  rewrite Content/2DAssets/SketchCharacter/StandingIdle_3.uasset (96%)
[2016.12.15-06.44.18:670][331]SourceControl: Info  rewrite Content/2DAssets/SketchCharacter/StandingIdle_4.uasset (96%)
[2016.12.15-06.44.18:670][331]SourceControl: Info  create mode 100644 Content/MenuAssets/CharacterBlueprints/Sketchy_Character.uasset
[2016.12.15-06.44.18:676][331]SourceControl: Info Commited [master 337fec8] Got Sketchy Guy working.
[2016.12.15-06.44.22:132][559]Cmd: QUIT_EDITOR
[2016.12.15-06.44.22:193][559]LogExit: Preparing to exit.
[2016.12.15-06.44.22:636][559]LogDirectoryWatcher: A directory notification for 'C:/Projects/Unreal Projects/MenuHudProject/Content/' was aborted.
[2016.12.15-06.44.22:661][559]LogExit: Editor shut down
[2016.12.15-06.44.22:661][559]LogExit: Transaction tracking system shut down
[2016.12.15-06.44.22:752][559]LogObj: Freed 0b from 0 cluster array pools.
[2016.12.15-06.44.22:752][559]LogExit: Object subsystem successfully closed.
[2016.12.15-06.44.22:771][559]LogD3D11RHI: Shutdown
[2016.12.15-06.44.22:771][559]LogD3D11RHI: CleanupD3DDevice
[2016.12.15-06.44.22:810][559]LogD3D11RHI: ~FD3D11DynamicRHI
[2016.12.15-06.44.22:823][559]LogHttp:Display: Http module shutting down, but needs to wait on 1 outstanding Http requests:
[2016.12.15-06.44.22:823][559]LogHttp:Display: 	verb=[POST] url=[https://datarouter.ol.epicgames.com/datarouter/api/v1/public/data?SessionID=%7B390CCB3B-485D-97D4-F719-349242F4A0A3%7D&AppID=UEEditor.Rocket.Release&AppVersion=4.14.0-3195953%2B%2B%2BUE4%2BRelease-4.14&UserID=908653924695114f51f0e2ab6e2df17a%7C96adf8e2f188487abcab3fb8711cecfc%7Ca660eb4f-97c4-4eda-b37f-38f3f9d25ac0&AppEnvironment=datacollector-binary&UploadType=eteventstream] status=Processing
[2016.12.15-06.44.22:850][559]LogModuleManager: Shutting down and abandoning module MovieSceneCapture (244)
[2016.12.15-06.44.22:850][559]LogModuleManager: Shutting down and abandoning module BlueprintGraph (243)
[2016.12.15-06.44.22:850][559]LogModuleManager: Shutting down and abandoning module BlueprintProfiler (242)
[2016.12.15-06.44.22:850][559]LogModuleManager: Shutting down and abandoning module HierarchicalLODOutliner (241)
[2016.12.15-06.44.22:850][559]LogModuleManager: Shutting down and abandoning module CrashTracker (240)
[2016.12.15-06.44.22:850][559]LogModuleManager: Shutting down and abandoning module SceneOutliner (239)
[2016.12.15-06.44.22:850][559]LogModuleManager: Shutting down and abandoning module WidgetCarousel (238)
[2016.12.15-06.44.22:850][559]LogModuleManager: Shutting down and abandoning module AddContentDialog (237)
[2016.12.15-06.44.22:850][559]LogDirectoryWatcher: A directory notification for 'C:/Program Files (x86)/Epic Games/4.14/FeaturePacks/' was aborted.
[2016.12.15-06.44.22:851][559]LogModuleManager: Shutting down and abandoning module GameplayTags (236)
[2016.12.15-06.44.22:851][559]LogModuleManager: Shutting down and abandoning module EditorWidgets (235)
[2016.12.15-06.44.22:851][559]LogModuleManager: Shutting down and abandoning module CollectionManager (234)
[2016.12.15-06.44.22:851][559]LogDirectoryWatcher: A directory notification for 'C:/Projects/Unreal Projects/MenuHudProject/Content/Collections/' was aborted.
[2016.12.15-06.44.22:851][559]LogDirectoryWatcher: A directory notification for 'C:/Projects/Unreal Projects/MenuHudProject/Content/Developers/Michael/Collections/' was aborted.
[2016.12.15-06.44.22:851][559]LogDirectoryWatcher: A directory notification for 'C:/Projects/Unreal Projects/MenuHudProject/Saved/Collections/' was aborted.
[2016.12.15-06.44.22:852][559]LogModuleManager: Shutting down and abandoning module StatsViewer (233)
[2016.12.15-06.44.22:852][559]LogModuleManager: Shutting down and abandoning module FoliageEdit (232)
[2016.12.15-06.44.22:852][559]LogModuleManager: Shutting down and abandoning module LandscapeEditor (231)
[2016.12.15-06.44.22:852][559]LogModuleManager: Shutting down and abandoning module SceneDepthPickerMode (230)
[2016.12.15-06.44.22:852][559]LogModuleManager: Shutting down and abandoning module ActorPickerMode (229)
[2016.12.15-06.44.22:852][559]LogModuleManager: Shutting down and abandoning module GeometryMode (228)
[2016.12.15-06.44.22:852][559]LogModuleManager: Shutting down and abandoning module TextureAlignMode (227)
[2016.12.15-06.44.22:852][559]LogModuleManager: Shutting down and abandoning module BspMode (226)
[2016.12.15-06.44.22:852][559]LogModuleManager: Shutting down and abandoning module HardwareSurvey (225)
[2016.12.15-06.44.22:852][559]LogModuleManager: Shutting down and abandoning module SequenceRecorderSections (224)
[2016.12.15-06.44.22:852][559]LogModuleManager: Shutting down and abandoning module AutomationWorker (223)
[2016.12.15-06.44.22:852][559]LogModuleManager: Shutting down and abandoning module MatineeToLevelSequence (222)
[2016.12.15-06.44.22:852][559]LogModuleManager: Shutting down and abandoning module PlacementMode (221)
[2016.12.15-06.44.22:852][559]LogModuleManager: Shutting down and abandoning module LevelSequenceEditor (220)
[2016.12.15-06.44.22:852][559]LogModuleManager: Shutting down and abandoning module WmfMediaFactory (219)
[2016.12.15-06.44.22:852][559]LogModuleManager: Shutting down and abandoning module WmfMediaEditor (218)
[2016.12.15-06.44.22:852][559]LogModuleManager: Shutting down and abandoning module AvfMediaFactory (217)
[2016.12.15-06.44.22:852][559]LogModuleManager: Shutting down and abandoning module AvfMediaEditor (216)
[2016.12.15-06.44.22:852][559]LogModuleManager: Shutting down and abandoning module Media (215)
[2016.12.15-06.44.22:852][559]LogModuleManager: Shutting down and abandoning module AndroidMediaFactory (214)
[2016.12.15-06.44.22:852][559]LogModuleManager: Shutting down and abandoning module AndroidMediaEditor (213)
[2016.12.15-06.44.22:852][559]LogModuleManager: Shutting down and abandoning module CharacterAI (212)
[2016.12.15-06.44.22:852][559]LogModuleManager: Shutting down and abandoning module SequenceRecorder (211)
[2016.12.15-06.44.22:852][559]LogModuleManager: Shutting down and abandoning module AudioCapture (210)
[2016.12.15-06.44.22:852][559]LogModuleManager: Shutting down and abandoning module SmartSnapping (209)
[2016.12.15-06.44.22:852][559]LogModuleManager: Shutting down and abandoning module SessionServices (208)
[2016.12.15-06.44.22:852][559]LogModuleManager: Shutting down and abandoning module ViewportSnapping (207)
[2016.12.15-06.44.22:852][559]LogModuleManager: Shutting down and abandoning module ViewportInteraction (206)
[2016.12.15-06.44.22:852][559]LogModuleManager: Shutting down and abandoning module LogVisualizer (205)
[2016.12.15-06.44.22:852][559]LogModuleManager: Shutting down and abandoning module GameProjectGeneration (204)
[2016.12.15-06.44.22:852][559]LogModuleManager: Shutting down and abandoning module IntroTutorials (203)
[2016.12.15-06.44.22:852][559]LogModuleManager: Shutting down and abandoning module EditorLiveStreaming (202)
[2016.12.15-06.44.22:852][559]LogModuleManager: Shutting down and abandoning module IOSPlatformEditor (201)
[2016.12.15-06.44.22:852][559]LogModuleManager: Shutting down and abandoning module HTML5PlatformEditor (200)
[2016.12.15-06.44.22:852][559]LogModuleManager: Shutting down and abandoning module AndroidDeviceDetection (199)
[2016.12.15-06.44.23:035][559]LogModuleManager: Shutting down and abandoning module AndroidPlatformEditor (198)
[2016.12.15-06.44.23:035][559]LogModuleManager: Shutting down and abandoning module IOSRuntimeSettings (197)
[2016.12.15-06.44.23:035][559]LogModuleManager: Shutting down and abandoning module AndroidRuntimeSettings (196)
[2016.12.15-06.44.23:035][559]LogModuleManager: Shutting down and abandoning module InputBindingEditor (195)
[2016.12.15-06.44.23:035][559]LogModuleManager: Shutting down and abandoning module NiagaraEditor (194)
[2016.12.15-06.44.23:035][559]LogModuleManager: Shutting down and abandoning module MergeActors (193)
[2016.12.15-06.44.23:035][559]LogModuleManager: Shutting down and abandoning module SizeMap (192)
[2016.12.15-06.44.23:035][559]LogModuleManager: Shutting down and abandoning module TreeMap (191)
[2016.12.15-06.44.23:035][559]LogModuleManager: Shutting down and abandoning module ReferenceViewer (190)
[2016.12.15-06.44.23:035][559]LogModuleManager: Shutting down and abandoning module LocalizationService (189)
[2016.12.15-06.44.23:035][559]LogModuleManager: Shutting down and abandoning module LocalizationDashboard (188)
[2016.12.15-06.44.23:035][559]LogModuleManager: Shutting down and abandoning module HardwareTargeting (187)
[2016.12.15-06.44.23:035][559]LogModuleManager: Shutting down and abandoning module DeviceProfileEditor (186)
[2016.12.15-06.44.23:035][559]LogModuleManager: Shutting down and abandoning module UndoHistory (185)
[2016.12.15-06.44.23:035][559]LogModuleManager: Shutting down and abandoning module UserFeedback (184)
[2016.12.15-06.44.23:035][559]LogModuleManager: Shutting down and abandoning module XmlParser (183)
[2016.12.15-06.44.23:035][559]LogModuleManager: Shutting down and abandoning module Blutility (182)
[2016.12.15-06.44.23:035][559]LogModuleManager: Shutting down and abandoning module ProjectTargetPlatformEditor (181)
[2016.12.15-06.44.23:035][559]LogModuleManager: Shutting down and abandoning module ProjectSettingsViewer (180)
[2016.12.15-06.44.23:035][559]LogModuleManager: Shutting down and abandoning module EditorSettingsViewer (179)
[2016.12.15-06.44.23:035][559]LogModuleManager: Shutting down and abandoning module SettingsEditor (178)
[2016.12.15-06.44.23:035][559]LogModuleManager: Shutting down and abandoning module ProjectLauncher (177)
[2016.12.15-06.44.23:035][559]LogModuleManager: Shutting down and abandoning module SessionFrontend (176)
[2016.12.15-06.44.23:035][559]LogModuleManager: Shutting down and abandoning module ProfilerClient (175)
[2016.12.15-06.44.23:035][559]LogModuleManager: Shutting down and abandoning module TargetDeviceServices (174)
[2016.12.15-06.44.23:035][559]LogModuleManager: Shutting down and abandoning module DeviceManager (173)
[2016.12.15-06.44.23:076][559]LogModuleManager: Shutting down and abandoning module AutomationController (172)
[2016.12.15-06.44.23:076][559]LogModuleManager: Shutting down and abandoning module AutomationWindow (171)
[2016.12.15-06.44.23:076][559]LogModuleManager: Shutting down and abandoning module Layers (170)
[2016.12.15-06.44.23:076][559]LogModuleManager: Shutting down and abandoning module ComponentVisualizers (169)
[2016.12.15-06.44.23:076][559]LogModuleManager: Shutting down and abandoning module DetailCustomizations (168)
[2016.12.15-06.44.23:076][559]LogModuleManager: Shutting down and abandoning module PackagesDialog (167)
[2016.12.15-06.44.23:076][559]LogModuleManager: Shutting down and abandoning module AnimGraph (166)
[2016.12.15-06.44.23:076][559]LogModuleManager: Shutting down and abandoning module Persona (165)
[2016.12.15-06.44.23:076][559]LogModuleManager: Shutting down and abandoning module Kismet (164)
[2016.12.15-06.44.23:081][559]LogModuleManager: Shutting down and abandoning module GraphEditor (163)
[2016.12.15-06.44.23:081][559]LogModuleManager: Shutting down and abandoning module ClassViewer (162)
[2016.12.15-06.44.23:081][559]LogModuleManager: Shutting down and abandoning module Toolbox (161)
[2016.12.15-06.44.23:081][559]LogModuleManager: Shutting down and abandoning module ModuleUI (160)
[2016.12.15-06.44.23:081][559]LogModuleManager: Shutting down and abandoning module MovieSceneTools (159)
[2016.12.15-06.44.23:081][559]LogModuleManager: Shutting down and abandoning module OutputLog (158)
[2016.12.15-06.44.23:081][559]LogModuleManager: Shutting down and abandoning module GammaUI (157)
[2016.12.15-06.44.23:081][559]LogModuleManager: Shutting down and abandoning module Documentation (156)
[2016.12.15-06.44.23:081][559]LogModuleManager: Shutting down and abandoning module Niagara (155)
[2016.12.15-06.44.23:081][559]LogModuleManager: Shutting down and abandoning module StreamingPauseRendering (154)
[2016.12.15-06.44.23:081][559]LogModuleManager: Shutting down and abandoning module AnalyticsET (153)
[2016.12.15-06.44.23:081][559]LogModuleManager: Shutting down and abandoning module PortalServices (152)
[2016.12.15-06.44.23:081][559]LogModuleManager: Shutting down and abandoning module PortalRpc (151)
[2016.12.15-06.44.23:081][559]LogModuleManager: Shutting down and abandoning module MessagingRpc (150)
[2016.12.15-06.44.23:081][559]LogModuleManager: Shutting down and abandoning module GameplayDebugger (149)
[2016.12.15-06.44.23:081][559]LogModuleManager: Shutting down and abandoning module AITestSuite (148)
[2016.12.15-06.44.23:081][559]LogModuleManager: Shutting down and abandoning module AIModule (147)
[2016.12.15-06.44.23:081][559]LogModuleManager: Shutting down and abandoning module ProfilerService (146)
[2016.12.15-06.44.23:095][559]LogModuleManager: Shutting down and abandoning module TaskGraph (145)
[2016.12.15-06.44.23:095][559]LogModuleManager: Shutting down and abandoning module SlateRemote (144)
[2016.12.15-06.44.23:095][559]LogModuleManager: Shutting down and abandoning module SteamVRController (143)
[2016.12.15-06.44.23:095][559]LogModuleManager: Shutting down and abandoning module SteamVR (142)
[2016.12.15-06.44.23:095][559]LogModuleManager: Shutting down and abandoning module ProceduralMeshComponentEditor (141)
[2016.12.15-06.44.23:095][559]LogModuleManager: Shutting down and abandoning module ProceduralMeshComponent (140)
[2016.12.15-06.44.23:095][559]LogModuleManager: Shutting down and abandoning module OculusLibrary (139)
[2016.12.15-06.44.23:095][559]LogModuleManager: Shutting down and abandoning module OculusInput (138)
[2016.12.15-06.44.23:095][559]LogModuleManager: Shutting down and abandoning module MobilePatchingUtils (137)
[2016.12.15-06.44.23:095][559]LogModuleManager: Shutting down and abandoning module CustomMeshComponent (136)
[2016.12.15-06.44.23:095][559]LogModuleManager: Shutting down and abandoning module CableComponent (135)
[2016.12.15-06.44.23:095][559]LogModuleManager: Shutting down and abandoning module ArchVisCharacter (134)
[2016.12.15-06.44.23:095][559]LogModuleManager: Shutting down and abandoning module MediaPlayerEditor (132)
[2016.12.15-06.44.23:095][559]LogModuleManager: Shutting down and abandoning module HTML5Networking (131)
[2016.12.15-06.44.23:095][559]LogModuleManager: Shutting down and abandoning module GeometryCacheEd (130)
[2016.12.15-06.44.23:095][559]LogModuleManager: Shutting down and abandoning module GeometryCache (129)
[2016.12.15-06.44.23:095][559]LogModuleManager: Shutting down and abandoning module AlembicLibrary (128)
[2016.12.15-06.44.23:095][559]LogModuleManager: Shutting down and abandoning module AlembicImporter (127)
[2016.12.15-06.44.23:095][559]LogModuleManager: Shutting down and abandoning module SuperSearch (126)
[2016.12.15-06.44.23:095][559]LogModuleManager: Shutting down and abandoning module SuperSearchEditor (125)
[2016.12.15-06.44.23:095][559]LogModuleManager: Shutting down and abandoning module SpeedTreeImporter (124)
[2016.12.15-06.44.23:095][559]LogModuleManager: Shutting down and abandoning module PluginBrowser (123)
[2016.12.15-06.44.23:095][559]LogModuleManager: Shutting down and abandoning module MobileLauncherProfileWizard (122)
[2016.12.15-06.44.23:095][559]LogModuleManager: Shutting down and abandoning module EpicSurvey (121)
[2016.12.15-06.44.23:095][559]LogModuleManager: Shutting down and abandoning module DesktopPlatform (120)
[2016.12.15-06.44.23:095][559]LogModuleManager: Shutting down and abandoning module VisualStudioSourceCodeAccess (119)
[2016.12.15-06.44.23:095][559]LogModuleManager: Shutting down and abandoning module UObjectPlugin (118)
[2016.12.15-06.44.23:095][559]LogModuleManager: Shutting down and abandoning module SubversionSourceControl (117)
[2016.12.15-06.44.23:095][559]LogModuleManager: Shutting down and abandoning module PerforceSourceControl (116)
[2016.12.15-06.44.23:095][559]LogModuleManager: Shutting down and abandoning module SourceControl (115)
[2016.12.15-06.44.23:095][559]LogModuleManager: Shutting down and abandoning module GitSourceControl (114)
[2016.12.15-06.44.23:095][559]LogModuleManager: Shutting down and abandoning module LightPropagationVolumeEditor (113)
[2016.12.15-06.44.23:095][559]LogModuleManager: Shutting down and abandoning module PaperTiledImporter (112)
[2016.12.15-06.44.23:095][559]LogModuleManager: Shutting down and abandoning module PaperSpriteSheetImporter (111)
[2016.12.15-06.44.23:095][559]LogModuleManager: Shutting down and abandoning module MeshPaint (110)
[2016.12.15-06.44.23:095][559]LogModuleManager: Shutting down and abandoning module PixelInspectorModule (109)
[2016.12.15-06.44.23:096][559]LogModuleManager: Shutting down and abandoning module HotReload (108)
[2016.12.15-06.44.23:096][559]LogModuleManager: Shutting down and abandoning module MainFrame (107)
[2016.12.15-06.44.23:096][559]LogModuleManager: Shutting down and abandoning module LevelEditor (106)
[2016.12.15-06.44.23:097][559]LogModuleManager: Shutting down and abandoning module ContentBrowser (105)
[2016.12.15-06.44.23:098][559]LogModuleManager: Shutting down and abandoning module Paper2DEditor (104)
[2016.12.15-06.44.23:098][559]LogModuleManager: Shutting down and abandoning module UdpMessaging (103)
[2016.12.15-06.44.23:198][559]LogModuleManager: Shutting down and abandoning module TcpMessaging (102)
[2016.12.15-06.44.23:492][559]LogModuleManager: Shutting down and abandoning module LightPropagationVolumeRuntime (101)
[2016.12.15-06.44.23:492][559]LogModuleManager: Shutting down and abandoning module Paper2D (100)
[2016.12.15-06.44.23:492][559]LogModuleManager: Shutting down and abandoning module WindowsMoviePlayer (99)
[2016.12.15-06.44.23:492][559]LogModuleManager: Shutting down and abandoning module WmfMedia (98)
[2016.12.15-06.44.23:492][559]LogModuleManager: Shutting down and abandoning module MediaAssets (97)
[2016.12.15-06.44.23:492][559]LogModuleManager: Shutting down and abandoning module GameLiveStreaming (96)
[2016.12.15-06.44.23:492][559]LogModuleManager: Shutting down and abandoning module GameplayTagsEditor (95)
[2016.12.15-06.44.23:493][559]LogModuleManager: Shutting down and abandoning module VREditor (94)
[2016.12.15-06.44.23:493][559]LogModuleManager: Shutting down and abandoning module GameplayTasksEditor (93)
[2016.12.15-06.44.23:493][559]LogModuleManager: Shutting down and abandoning module BehaviorTreeEditor (92)
[2016.12.15-06.44.23:493][559]LogModuleManager: Shutting down and abandoning module FunctionalTesting (91)
[2016.12.15-06.44.23:493][559]LogModuleManager: Shutting down and abandoning module CollisionAnalyzer (90)
[2016.12.15-06.44.23:493][559]LogModuleManager: Shutting down and abandoning module Sequencer (89)
[2016.12.15-06.44.23:493][559]LogModuleManager: Shutting down and abandoning module WorkspaceMenuStructure (88)
[2016.12.15-06.44.23:493][559]LogModuleManager: Shutting down and abandoning module MessageLog (87)
[2016.12.15-06.44.23:493][559]LogModuleManager: Shutting down and abandoning module AssetTools (86)
[2016.12.15-06.44.23:493][559]LogModuleManager: Shutting down and abandoning module UMGEditor (85)
[2016.12.15-06.44.23:493][559]LogModuleManager: Shutting down and abandoning module UMG (84)
[2016.12.15-06.44.23:493][559]LogModuleManager: Shutting down and abandoning module SlateReflector (83)
[2016.12.15-06.44.23:493][559]LogModuleManager: Shutting down and abandoning module Slate (82)
[2016.12.15-06.44.23:493][559]LogModuleManager: Shutting down and abandoning module EditorStyle (81)
[2016.12.15-06.44.23:495][559]LogModuleManager: Shutting down and abandoning module SourceCodeAccess (80)
[2016.12.15-06.44.23:495][559]LogModuleManager: Shutting down and abandoning module HeadMountedDisplay (79)
[2016.12.15-06.44.23:495][559]LogModuleManager: Shutting down and abandoning module XAudio2 (78)
[2016.12.15-06.44.23:495][559]LogModuleManager: Shutting down and abandoning module Networking (76)
[2016.12.15-06.44.23:495][559]LogModuleManager: Shutting down and abandoning module Core (75)
[2016.12.15-06.44.23:495][559]LogModuleManager: Shutting down and abandoning module DirectoryWatcher (74)
[2016.12.15-06.44.23:495][559]LogDirectoryWatcher: A directory notification for '../../../Engine/Content/' was aborted.
[2016.12.15-06.44.23:495][559]LogDirectoryWatcher: A directory notification for '../../../../../../Projects/Unreal Projects/MenuHudProject/Content/' was aborted.
[2016.12.15-06.44.23:495][559]LogDirectoryWatcher: A directory notification for '../../../Engine/Plugins/2D/Paper2D/Content/' was aborted.
[2016.12.15-06.44.23:496][559]LogModuleManager: Shutting down and abandoning module AssetRegistry (73)
[2016.12.15-06.44.23:655][559]LogModuleManager: Shutting down and abandoning module KismetCompiler (72)
[2016.12.15-06.44.23:655][559]LogModuleManager: Shutting down and abandoning module PhysXFormats (71)
[2016.12.15-06.44.23:655][559]LogModuleManager: Shutting down and abandoning module SimplygonSwarm (70)
[2016.12.15-06.44.23:655][559]LogModuleManager: Shutting down and abandoning module SimplygonMeshReduction (69)
[2016.12.15-06.44.23:655][559]LogModuleManager: Shutting down and abandoning module QuadricMeshReduction (68)
[2016.12.15-06.44.23:655][559]LogModuleManager: Shutting down and abandoning module PropertyEditor (67)
[2016.12.15-06.44.23:655][559]LogModuleManager: Shutting down and abandoning module MeshUtilities (66)
[2016.12.15-06.44.23:655][559]LogModuleManager: Shutting down and abandoning module DerivedDataCache (65)
[2016.12.15-06.44.23:850][559]LogDerivedDataCache: Shutdown
[2016.12.15-06.44.23:850][559]LogModuleManager: Shutting down and abandoning module VulkanShaderFormat (64)
[2016.12.15-06.44.23:850][559]LogModuleManager: Shutting down and abandoning module ShaderFormatOpenGL (63)
[2016.12.15-06.44.23:850][559]LogModuleManager: Shutting down and abandoning module ShaderFormatD3D (62)
[2016.12.15-06.44.23:850][559]LogModuleManager: Shutting down and abandoning module MetalShaderFormat (61)
[2016.12.15-06.44.23:850][559]LogModuleManager: Shutting down and abandoning module TextureFormatUncompressed (60)
[2016.12.15-06.44.23:850][559]LogModuleManager: Shutting down and abandoning module TextureFormatPVR (59)
[2016.12.15-06.44.23:850][559]LogModuleManager: Shutting down and abandoning module TextureFormatDXT (58)
[2016.12.15-06.44.23:850][559]LogModuleManager: Shutting down and abandoning module TextureFormatIntelISPCTexComp (57)
[2016.12.15-06.44.23:850][559]LogModuleManager: Shutting down and abandoning module ImageWrapper (56)
[2016.12.15-06.44.23:850][559]LogModuleManager: Shutting down and abandoning module TextureFormatASTC (55)
[2016.12.15-06.44.23:850][559]LogModuleManager: Shutting down and abandoning module TextureFormatAndroid (54)
[2016.12.15-06.44.23:850][559]LogModuleManager: Shutting down and abandoning module AudioFormatOpus (53)
[2016.12.15-06.44.23:850][559]LogModuleManager: Shutting down and abandoning module AudioFormatOgg (52)
[2016.12.15-06.44.23:850][559]LogModuleManager: Shutting down and abandoning module AudioFormatADPCM (51)
[2016.12.15-06.44.23:850][559]LogModuleManager: Shutting down and abandoning module LinuxTargetPlatform (50)
[2016.12.15-06.44.23:850][559]LogModuleManager: Shutting down and abandoning module LinuxServerTargetPlatform (49)
[2016.12.15-06.44.23:850][559]LogModuleManager: Shutting down and abandoning module LinuxNoEditorTargetPlatform (48)
[2016.12.15-06.44.23:850][559]LogModuleManager: Shutting down and abandoning module LinuxClientTargetPlatform (47)
[2016.12.15-06.44.23:850][559]LogModuleManager: Shutting down and abandoning module TVOSTargetPlatform (46)
[2016.12.15-06.44.23:850][559]LogModuleManager: Shutting down and abandoning module Messaging (45)
[2016.12.15-06.44.23:850][559]LogModuleManager: Shutting down and abandoning module IOSTargetPlatform (44)
[2016.12.15-06.44.23:850][559]LogModuleManager: Shutting down and abandoning module HTML5TargetPlatform (43)
[2016.12.15-06.44.23:850][559]LogModuleManager: Shutting down and abandoning module Android_PVRTCTargetPlatform (42)
[2016.12.15-06.44.23:850][559]LogModuleManager: Shutting down and abandoning module Android_MultiTargetPlatform (41)
[2016.12.15-06.44.23:850][559]LogModuleManager: Shutting down and abandoning module Android_ETC2TargetPlatform (40)
[2016.12.15-06.44.23:850][559]LogModuleManager: Shutting down and abandoning module Android_ETC1TargetPlatform (39)
[2016.12.15-06.44.23:851][559]LogModuleManager: Shutting down and abandoning module Android_DXTTargetPlatform (38)
[2016.12.15-06.44.23:851][559]LogModuleManager: Shutting down and abandoning module Android_ATCTargetPlatform (37)
[2016.12.15-06.44.23:851][559]LogModuleManager: Shutting down and abandoning module Android_ASTCTargetPlatform (36)
[2016.12.15-06.44.23:851][559]LogModuleManager: Shutting down and abandoning module AndroidTargetPlatform (35)
[2016.12.15-06.44.23:851][559]LogModuleManager: Shutting down and abandoning module WindowsTargetPlatform (34)
[2016.12.15-06.44.23:851][559]LogModuleManager: Shutting down and abandoning module WindowsServerTargetPlatform (33)
[2016.12.15-06.44.23:851][559]LogModuleManager: Shutting down and abandoning module WindowsNoEditorTargetPlatform (32)
[2016.12.15-06.44.23:851][559]LogModuleManager: Shutting down and abandoning module WindowsClientTargetPlatform (31)
[2016.12.15-06.44.23:851][559]LogModuleManager: Shutting down and abandoning module MacTargetPlatform (30)
[2016.12.15-06.44.23:851][559]LogModuleManager: Shutting down and abandoning module MacServerTargetPlatform (29)
[2016.12.15-06.44.23:851][559]LogModuleManager: Shutting down and abandoning module MacNoEditorTargetPlatform (28)
[2016.12.15-06.44.23:851][559]LogModuleManager: Shutting down and abandoning module MacClientTargetPlatform (27)
[2016.12.15-06.44.23:851][559]LogModuleManager: Shutting down and abandoning module AllDesktopTargetPlatform (26)
[2016.12.15-06.44.23:851][559]LogModuleManager: Shutting down and abandoning module TargetPlatform (25)
[2016.12.15-06.44.23:851][559]LogModuleManager: Shutting down and abandoning module InputCore (24)
[2016.12.15-06.44.23:851][559]LogModuleManager: Shutting down and abandoning module Settings (23)
[2016.12.15-06.44.23:851][559]LogModuleManager: Shutting down and abandoning module OculusRift (22)
[2016.12.15-06.44.23:851][559]LogModuleManager: Shutting down and abandoning module ExampleDeviceProfileSelector (21)
[2016.12.15-06.44.23:851][559]LogModuleManager: Shutting down and abandoning module OnlineBlueprintSupport (20)
[2016.12.15-06.44.23:851][559]LogModuleManager: Shutting down and abandoning module OnlineSubsystem (18)
[2016.12.15-06.44.23:851][559]LogOnline:Display: Unloading online subsystem: NULL
[2016.12.15-06.44.23:851][559]LogModuleManager: Shutting down and abandoning module SSL (17)
[2016.12.15-06.44.23:852][559]LogModuleManager: Shutting down and abandoning module HTTP (16)
[2016.12.15-06.44.23:852][559]LogModuleManager: Shutting down and abandoning module XMPP (15)
[2016.12.15-06.44.23:852][559]LogModuleManager: Shutting down and abandoning module TextureCompressor (14)
[2016.12.15-06.44.23:852][559]LogModuleManager: Shutting down and abandoning module ShaderCore (13)
[2016.12.15-06.44.23:852][559]LogModuleManager: Shutting down and abandoning module Landscape (12)
[2016.12.15-06.44.23:852][559]LogModuleManager: Shutting down and abandoning module SlateRHIRenderer (11)
[2016.12.15-06.44.23:853][559]LogModuleManager: Shutting down and abandoning module OpenGLDrv (10)
[2016.12.15-06.44.23:853][559]LogModuleManager: Shutting down and abandoning module D3D11RHI (9)
[2016.12.15-06.44.23:853][559]LogModuleManager: Shutting down and abandoning module AnimGraphRuntime (8)
[2016.12.15-06.44.23:853][559]LogModuleManager: Shutting down and abandoning module Renderer (7)
[2016.12.15-06.44.23:853][559]LogModuleManager: Shutting down and abandoning module Engine (6)
[2016.12.15-06.44.23:853][559]LogModuleManager: Shutting down and abandoning module CoreUObject (5)
[2016.12.15-06.44.23:853][559]LogModuleManager: Shutting down and abandoning module NetworkFile (4)
[2016.12.15-06.44.23:853][559]LogModuleManager: Shutting down and abandoning module StreamingFile (3)
[2016.12.15-06.44.23:853][559]LogModuleManager: Shutting down and abandoning module SandboxFile (2)
[2016.12.15-06.44.23:853][559]LogModuleManager: Shutting down and abandoning module PakFile (1)
[2016.12.15-06.44.23:854][559]LogExit: Exiting.
[2016.12.15-06.44.23:856][559]Log file closed, 12/14/16 22:44:23
